                  Warning	Simulation second 183.2: Vehicle 60 (on Static Vehicle Route 2 - 2) arrived at the end of link 1 without having found the next link (10015) of its route.	Network object type: Vehicle	Network object keys: 60
                  Warning	Simulation second 228.6: Vehicle 192 (on Static Vehicle Route 2 - 2) arrived at the end of link 1 without having found the next link (10015) of its route.	Network object type: Vehicle	Network object keys: 192
                  Warning	Simulation second 417.3: Vehicle 444 (on Static Vehicle Route 2 - 2) arrived at the end of link 1 without having found the next link (10015) of its route.	Network object type: Vehicle	Network object keys: 444
                  Warning	Simulation second 538.6: Vehicle 784 (on Static Vehicle Route 2 - 2) arrived at the end of link 1 without having found the next link (10015) of its route.	Network object type: Vehicle	Network object keys: 784
                  Warning	Simulation second 732.6: Vehicle 1166 (on Static Vehicle Route 2 - 2) arrived at the end of link 1 without having found the next link (10015) of its route.	Network object type: Vehicle	Network object keys: 1166
                  Warning	Simulation second 843.5: Vehicle 1428 (on Static Vehicle Route 2 - 2) arrived at the end of link 1 without having found the next link (10015) of its route.	Network object type: Vehicle	Network object keys: 1428
                  Warning	Simulation second 846.2: Vehicle 1455 (on Static Vehicle Route 2 - 2) arrived at the end of link 1 without having found the next link (10015) of its route.	Network object type: Vehicle	Network object keys: 1455
                  Warning	Simulation second 939.2: Vehicle 1445 (on Static Vehicle Route 2 - 2) arrived at the end of link 1 without having found the next link (10015) of its route.	Network object type: Vehicle	Network object keys: 1445
                  Warning	Simulation second 1035.5: Vehicle 1564 (on Static Vehicle Route 2 - 2) arrived at the end of link 1 without having found the next link (10015) of its route.	Network object type: Vehicle	Network object keys: 1564
                  Warning	Simulation second 1037.7: Vehicle 1587 (on Static Vehicle Route 2 - 2) arrived at the end of link 1 without having found the next link (10015) of its route.	Network object type: Vehicle	Network object keys: 1587
                  Warning	Simulation second 1041.6: Vehicle 1792 (on Static Vehicle Route 2 - 2) arrived at the end of link 1 without having found the next link (10015) of its route.	Network object type: Vehicle	Network object keys: 1792
                  Warning	Simulation second 1043.3: Vehicle 1816 (on Static Vehicle Route 2 - 2) arrived at the end of link 1 without having found the next link (10015) of its route.	Network object type: Vehicle	Network object keys: 1816
                  Warning	Simulation second 1055.6: Vehicle 1670 (on Static Vehicle Route 2 - 2) arrived at the end of link 1 without having found the next link (10015) of its route.	Network object type: Vehicle	Network object keys: 1670
                  Warning	Simulation second 1169.5: Vehicle 2007 (on Static Vehicle Route 2 - 2) arrived at the end of link 1 without having found the next link (10015) of its route.	Network object type: Vehicle	Network object keys: 2007
                  Warning	Simulation second 1245.8: Vehicle 2135 (on Static Vehicle Route 2 - 2) arrived at the end of link 1 without having found the next link (10015) of its route.	Network object type: Vehicle	Network object keys: 2135
                  Warning	Simulation second 1308.9: Vehicle 2199 (on Static Vehicle Route 2 - 2) arrived at the end of link 1 without having found the next link (10015) of its route.	Network object type: Vehicle	Network object keys: 2199
                  Warning	Simulation second 1393.1: Vehicle 2362 (on Static Vehicle Route 2 - 2) arrived at the end of link 1 without having found the next link (10015) of its route.	Network object type: Vehicle	Network object keys: 2362
                  Warning	Simulation second 1394.6: Vehicle 2395 (on Static Vehicle Route 2 - 2) arrived at the end of link 1 without having found the next link (10015) of its route.	Network object type: Vehicle	Network object keys: 2395
                  Warning	Simulation second 1396.7: Vehicle 2417 (on Static Vehicle Route 2 - 2) arrived at the end of link 1 without having found the next link (10015) of its route.	Network object type: Vehicle	Network object keys: 2417
                  Warning	Simulation second 1743.2: Vehicle 3041 (on Static Vehicle Route 2 - 2) arrived at the end of link 1 without having found the next link (10015) of its route.	Network object type: Vehicle	Network object keys: 3041
                  Warning	Simulation second 1998.9: Vehicle 3444 (on Static Vehicle Route 2 - 2) arrived at the end of link 1 without having found the next link (10015) of its route.	Network object type: Vehicle	Network object keys: 3444
                  Warning	Simulation second 2009.2: Vehicle 3630 (on Static Vehicle Route 2 - 2) arrived at the end of link 1 without having found the next link (10015) of its route.	Network object type: Vehicle	Network object keys: 3630
                  Warning	Simulation second 2010.6: Vehicle 3530 (on Static Vehicle Route 2 - 2) arrived at the end of link 1 without having found the next link (10015) of its route.	Network object type: Vehicle	Network object keys: 3530
                  Warning	Simulation second 2062.3: After 60.0 seconds of waiting for lane change the vehicle 3771 (on Static Vehicle Route 4 - 2) was removed from link 12 at position 881.9.	Network object type: Vehicle	Network object keys: 3771
                  Warning	Simulation second 2271.2: Vehicle 4181 (on Static Vehicle Route 2 - 2) arrived at the end of link 1 without having found the next link (10015) of its route.	Network object type: Vehicle	Network object keys: 4181
                  Warning	Simulation second 2276.4: Vehicle 4381 (on Static Vehicle Route 2 - 2) arrived at the end of link 1 without having found the next link (10015) of its route.	Network object type: Vehicle	Network object keys: 4381
                  Warning	Simulation second 2378.9: Vehicle 4277 (on Static Vehicle Route 2 - 2) arrived at the end of link 1 without having found the next link (10015) of its route.	Network object type: Vehicle	Network object keys: 4277
                  Warning	Simulation second 2582.5: Vehicle 4677 (on Static Vehicle Route 2 - 2) arrived at the end of link 1 without having found the next link (10015) of its route.	Network object type: Vehicle	Network object keys: 4677
                  Warning	Simulation second 2801.9: Vehicle 5080 (on Static Vehicle Route 2 - 2) arrived at the end of link 1 without having found the next link (10015) of its route.	Network object type: Vehicle	Network object keys: 5080
                  Warning	Simulation second 2805.1: Vehicle 5113 (on Static Vehicle Route 2 - 2) arrived at the end of link 1 without having found the next link (10015) of its route.	Network object type: Vehicle	Network object keys: 5113
                  Warning	Simulation second 3057.0: Vehicle 5578 (on Static Vehicle Route 2 - 2) arrived at the end of link 1 without having found the next link (10015) of its route.	Network object type: Vehicle	Network object keys: 5578
                  Warning	Simulation second 3113.4: Vehicle 6008 (on Static Vehicle Route 2 - 2) arrived at the end of link 1 without having found the next link (10015) of its route.	Network object type: Vehicle	Network object keys: 6008
                  Warning	Simulation second 3193.0: Vehicle 5863 (on Static Vehicle Route 2 - 2) arrived at the end of link 1 without having found the next link (10015) of its route.	Network object type: Vehicle	Network object keys: 5863
                  Warning	Simulation second 3818.9: Vehicle 7180 (on Static Vehicle Route 2 - 2) arrived at the end of link 1 without having found the next link (10015) of its route.	Network object type: Vehicle	Network object keys: 7180
                  Warning	Simulation second 3848.0: Vehicle 7461 (on Static Vehicle Route 2 - 2) arrived at the end of link 1 without having found the next link (10015) of its route.	Network object type: Vehicle	Network object keys: 7461
                  Warning	Simulation second 3938.5: Vehicle 7296 (on Static Vehicle Route 2 - 2) arrived at the end of link 1 without having found the next link (10015) of its route.	Network object type: Vehicle	Network object keys: 7296
                  Warning	Simulation second 4059.4: Vehicle 7536 (on Static Vehicle Route 2 - 2) arrived at the end of link 1 without having found the next link (10015) of its route.	Network object type: Vehicle	Network object keys: 7536
                  Warning	Simulation second 4062.0: Vehicle 7467 (on Static Vehicle Route 2 - 2) arrived at the end of link 1 without having found the next link (10015) of its route.	Network object type: Vehicle	Network object keys: 7467
                  Warning	Simulation second 4063.8: Vehicle 7514 (on Static Vehicle Route 2 - 2) arrived at the end of link 1 without having found the next link (10015) of its route.	Network object type: Vehicle	Network object keys: 7514
                  Warning	Simulation second 4534.8: Vehicle 8464 (on Static Vehicle Route 2 - 2) arrived at the end of link 1 without having found the next link (10015) of its route.	Network object type: Vehicle	Network object keys: 8464
                  Warning	Simulation second 4572.5: After 60.0 seconds of waiting for lane change the vehicle 8657 (on Static Vehicle Route 20 - 2) was removed from link 53 at position 1013.0.	Network object type: Vehicle	Network object keys: 8657
                  Warning	Simulation second 5009.4: Vehicle 9569 (on Static Vehicle Route 2 - 2) arrived at the end of link 1 without having found the next link (10015) of its route.	Network object type: Vehicle	Network object keys: 9569
                  Warning	Simulation second 5011.5: Vehicle 9556 (on Static Vehicle Route 2 - 2) arrived at the end of link 1 without having found the next link (10015) of its route.	Network object type: Vehicle	Network object keys: 9556
                  Warning	Simulation second 5091.9: Vehicle 9828 (on Static Vehicle Route 2 - 2) arrived at the end of link 1 without having found the next link (10015) of its route.	Network object type: Vehicle	Network object keys: 9828
                  Warning	Simulation second 5354.7: Vehicle 10172 (on Static Vehicle Route 2 - 2) arrived at the end of link 1 without having found the next link (10015) of its route.	Network object type: Vehicle	Network object keys: 10172
                  Warning	Simulation second 5356.0: Vehicle 10121 (on Static Vehicle Route 2 - 2) arrived at the end of link 1 without having found the next link (10015) of its route.	Network object type: Vehicle	Network object keys: 10121
                  Warning	Simulation second 5472.3: Vehicle 10450 (on Static Vehicle Route 2 - 2) arrived at the end of link 1 without having found the next link (10015) of its route.	Network object type: Vehicle	Network object keys: 10450
                  Warning	Simulation second 5758.1: Vehicle 10966 (on Static Vehicle Route 2 - 2) arrived at the end of link 1 without having found the next link (10015) of its route.	Network object type: Vehicle	Network object keys: 10966
                  Warning	Simulation second 5775.5: Vehicle 11019 (on Static Vehicle Route 2 - 2) arrived at the end of link 1 without having found the next link (10015) of its route.	Network object type: Vehicle	Network object keys: 11019
                  Warning	Simulation second 5784.0: Vehicle 11016 (on Static Vehicle Route 2 - 2) arrived at the end of link 1 without having found the next link (10015) of its route.	Network object type: Vehicle	Network object keys: 11016
                  Warning	Simulation second 5807.3: After 60.0 seconds of waiting for lane change the vehicle 11219 (on Static Vehicle Route 4 - 2) was removed from link 12 at position 881.9.	Network object type: Vehicle	Network object keys: 11219
                  Warning	Simulation second 5874.7: Vehicle 11254 (on Static Vehicle Route 2 - 2) arrived at the end of link 1 without having found the next link (10015) of its route.	Network object type: Vehicle	Network object keys: 11254
                  Warning	Simulation second 5878.9: Vehicle 11321 (on Static Vehicle Route 2 - 2) arrived at the end of link 1 without having found the next link (10015) of its route.	Network object type: Vehicle	Network object keys: 11321
                  Warning	Simulation second 5995.2: Vehicle 11493 (on Static Vehicle Route 2 - 2) arrived at the end of link 1 without having found the next link (10015) of its route.	Network object type: Vehicle	Network object keys: 11493
                  Warning	Simulation second 6410.1: After 60.0 seconds of waiting for lane change the vehicle 12387 (on Static Vehicle Route 1 - 3) was removed from link 9 at position 774.2.	Network object type: Vehicle	Network object keys: 12387
                  Warning	Simulation second 7080.9: Vehicle 11696 (on Static Vehicle Route 2 - 2) arrived at the end of link 1 without having found the next link (10015) of its route.	Network object type: Vehicle	Network object keys: 11696
                  Warning	Simulation second 7222.4: Vehicle 12099 (on Static Vehicle Route 2 - 2) arrived at the end of link 1 without having found the next link (10015) of its route.	Network object type: Vehicle	Network object keys: 12099
                  Warning	Simulation second 7227.5: Vehicle 12217 (on Static Vehicle Route 2 - 2) arrived at the end of link 1 without having found the next link (10015) of its route.	Network object type: Vehicle	Network object keys: 12217
                  Warning	Simulation second 7231.2: Vehicle 12219 (on Static Vehicle Route 2 - 2) arrived at the end of link 1 without having found the next link (10015) of its route.	Network object type: Vehicle	Network object keys: 12219
                  Warning	Simulation second 7251.5: After 60.0 seconds of waiting for lane change the vehicle 12589 (on Static Vehicle Route 4 - 3) was removed from link 12 at position 783.6.	Network object type: Vehicle	Network object keys: 12589
                  Warning	Simulation second 7293.5: After 60.0 seconds of waiting for lane change the vehicle 12855 (on Static Vehicle Route 1 - 3) was removed from link 9 at position 774.2.	Network object type: Vehicle	Network object keys: 12855
                  Warning	Simulation second 7332.2: After 60.0 seconds of waiting for lane change the vehicle 13265 (on Static Vehicle Route 2 - 3) was removed from link 1 at position 170.7.	Network object type: Vehicle	Network object keys: 13265
                  Warning	Simulation second 7373.7: After 60.0 seconds of waiting for lane change the vehicle 12866 (on Static Vehicle Route 4 - 3) was removed from link 12 at position 783.6.	Network object type: Vehicle	Network object keys: 12866
                  Warning	Simulation second 7442.3: After 60.0 seconds of waiting for lane change the vehicle 14254 (on Static Vehicle Route 2 - 3) was removed from link 1 at position 170.7.	Network object type: Vehicle	Network object keys: 14254
                  Warning	Simulation second 7501.4: After 60.0 seconds of waiting for lane change the vehicle 13111 (on Static Vehicle Route 4 - 3) was removed from link 12 at position 783.6.	Network object type: Vehicle	Network object keys: 13111
                  Warning	Simulation second 7907.1: After 60.0 seconds of waiting for lane change the vehicle 13141 (on Static Vehicle Route 4 - 3) was removed from link 12 at position 783.6.	Network object type: Vehicle	Network object keys: 13141
                  Warning	Simulation second 7923.3: After 60.0 seconds of waiting for lane change the vehicle 13016 (on Static Vehicle Route 1 - 3) was removed from link 9 at position 774.2.	Network object type: Vehicle	Network object keys: 13016
                  Warning	Simulation second 7974.3: After 60.0 seconds of waiting for lane change the vehicle 12922 (on Static Vehicle Route 2 - 3) was removed from link 1 at position 178.2.	Network object type: Vehicle	Network object keys: 12922
                  Warning	Simulation second 7982.3: After 60.0 seconds of waiting for lane change the vehicle 14266 (on Static Vehicle Route 2 - 3) was removed from link 1 at position 170.7.	Network object type: Vehicle	Network object keys: 14266
                  Warning	Simulation second 8046.6: After 60.0 seconds of waiting for lane change the vehicle 13288 (on Static Vehicle Route 4 - 3) was removed from link 12 at position 783.6.	Network object type: Vehicle	Network object keys: 13288
                  Warning	Simulation second 8058.3: After 60.0 seconds of waiting for lane change the vehicle 14118 (on Static Vehicle Route 2 - 3) was removed from link 1 at position 178.2.	Network object type: Vehicle	Network object keys: 14118
                  Warning	Simulation second 8076.1: After 60.0 seconds of waiting for lane change the vehicle 13360 (on Static Vehicle Route 1 - 3) was removed from link 9 at position 774.2.	Network object type: Vehicle	Network object keys: 13360
                  Warning	Simulation second 8087.4: After 60.0 seconds of waiting for lane change the vehicle 14288 (on Static Vehicle Route 2 - 3) was removed from link 1 at position 170.7.	Network object type: Vehicle	Network object keys: 14288
                  Warning	Simulation second 8143.7: After 60.0 seconds of waiting for lane change the vehicle 14804 (on Static Vehicle Route 8 - 2) was removed from link 18 at position 947.4.	Network object type: Vehicle	Network object keys: 14804
                  Warning	Simulation second 8146.9: After 60.0 seconds of waiting for lane change the vehicle 12093 (on Static Vehicle Route 8 - 2) was removed from link 18 at position 939.9.	Network object type: Vehicle	Network object keys: 12093
                  Warning	Simulation second 8298.1: After 60.0 seconds of waiting for lane change the vehicle 12677 (on Static Vehicle Route 2 - 3) was removed from link 1 at position 178.2.	Network object type: Vehicle	Network object keys: 12677
                  Warning	Simulation second 8331.7: After 60.0 seconds of waiting for lane change the vehicle 13401 (on Static Vehicle Route 1 - 3) was removed from link 9 at position 774.2.	Network object type: Vehicle	Network object keys: 13401
                  Warning	Simulation second 8332.9: After 60.0 seconds of waiting for lane change the vehicle 13131 (on Static Vehicle Route 4 - 3) was removed from link 12 at position 783.6.	Network object type: Vehicle	Network object keys: 13131
                  Warning	Simulation second 8365.6: After 60.0 seconds of waiting for lane change the vehicle 12761 (on Static Vehicle Route 2 - 3) was removed from link 1 at position 178.2.	Network object type: Vehicle	Network object keys: 12761
                  Warning	Simulation second 8422.3: After 60.0 seconds of waiting for lane change the vehicle 13521 (on Static Vehicle Route 1 - 3) was removed from link 9 at position 774.2.	Network object type: Vehicle	Network object keys: 13521
                  Warning	Simulation second 8520.3: After 60.0 seconds of waiting for lane change the vehicle 15973 (on Static Vehicle Route 8 - 2) was removed from link 18 at position 947.4.	Network object type: Vehicle	Network object keys: 15973
                  Warning	Simulation second 8526.8: After 60.0 seconds of waiting for lane change the vehicle 13486 (on Static Vehicle Route 2 - 3) was removed from link 1 at position 169.4.	Network object type: Vehicle	Network object keys: 13486
                  Warning	Simulation second 8535.6: After 60.0 seconds of waiting for lane change the vehicle 13023 (on Static Vehicle Route 2 - 3) was removed from link 1 at position 178.2.	Network object type: Vehicle	Network object keys: 13023
                  Warning	Simulation second 8603.3: After 60.0 seconds of waiting for lane change the vehicle 14166 (on Static Vehicle Route 2 - 3) was removed from link 1 at position 178.2.	Network object type: Vehicle	Network object keys: 14166
                  Warning	Simulation second 8671.5: After 60.0 seconds of waiting for lane change the vehicle 14108 (on Static Vehicle Route 2 - 3) was removed from link 1 at position 178.2.	Network object type: Vehicle	Network object keys: 14108
                  Warning	Simulation second 8791.7: After 60.0 seconds of waiting for lane change the vehicle 14298 (on Static Vehicle Route 2 - 3) was removed from link 1 at position 178.2.	Network object type: Vehicle	Network object keys: 14298
                  Warning	Simulation second 8802.5: After 60.0 seconds of waiting for lane change the vehicle 13972 (on Static Vehicle Route 4 - 3) was removed from link 12 at position 783.6.	Network object type: Vehicle	Network object keys: 13972
                  Warning	Simulation second 8882.1: After 60.0 seconds of waiting for lane change the vehicle 16731 (on Static Vehicle Route 20 - 2) was removed from link 53 at position 1013.0.	Network object type: Vehicle	Network object keys: 16731
                  Warning	Simulation second 8893.4: After 60.0 seconds of waiting for lane change the vehicle 14361 (on Static Vehicle Route 8 - 2) was removed from link 18 at position 947.4.	Network object type: Vehicle	Network object keys: 14361
                  Warning	Simulation second 8900.0: After 60.0 seconds of waiting for lane change the vehicle 14027 (on Static Vehicle Route 4 - 3) was removed from link 12 at position 783.6.	Network object type: Vehicle	Network object keys: 14027
                  Warning	Simulation second 8904.2: After 60.0 seconds of waiting for lane change the vehicle 14609 (on Static Vehicle Route 2 - 3) was removed from link 1 at position 178.2.	Network object type: Vehicle	Network object keys: 14609
                  Warning	Simulation second 9025.1: After 60.0 seconds of waiting for lane change the vehicle 17051 (on Static Vehicle Route 2 - 3) was removed from link 1 at position 178.2.	Network object type: Vehicle	Network object keys: 17051
                  Warning	Simulation second 9114.2: After 60.0 seconds of waiting for lane change the vehicle 16284 (on Static Vehicle Route 2 - 3) was removed from link 1 at position 178.2.	Network object type: Vehicle	Network object keys: 16284
                  Warning	Simulation second 9185.5: After 60.0 seconds of waiting for lane change the vehicle 14839 (on Static Vehicle Route 4 - 3) was removed from link 12 at position 783.6.	Network object type: Vehicle	Network object keys: 14839
                  Warning	Simulation second 9246.5: After 60.0 seconds of waiting for lane change the vehicle 17189 (on Static Vehicle Route 1 - 3) was removed from link 9 at position 774.2.	Network object type: Vehicle	Network object keys: 17189
                  Warning	Simulation second 9418.2: After 60.0 seconds of waiting for lane change the vehicle 18009 (on Static Vehicle Route 3 - 3) was removed from link 4 at position 647.0.	Network object type: Vehicle	Network object keys: 18009
                  Warning	Simulation second 9458.3: After 60.0 seconds of waiting for lane change the vehicle 17470 (on Static Vehicle Route 1 - 3) was removed from link 9 at position 774.2.	Network object type: Vehicle	Network object keys: 17470
                  Warning	Simulation second 9888.8: After 60.0 seconds of waiting for lane change the vehicle 17471 (on Static Vehicle Route 1 - 3) was removed from link 9 at position 774.2.	Network object type: Vehicle	Network object keys: 17471
                  Warning	Simulation second 9927.8: After 60.0 seconds of waiting for lane change the vehicle 17215 (on Static Vehicle Route 2 - 3) was removed from link 1 at position 178.2.	Network object type: Vehicle	Network object keys: 17215
                  Warning	Simulation second 9995.6: After 60.0 seconds of waiting for lane change the vehicle 17498 (on Static Vehicle Route 1 - 3) was removed from link 9 at position 774.2.	Network object type: Vehicle	Network object keys: 17498
                  Warning	Simulation second 9995.9: After 60.0 seconds of waiting for lane change the vehicle 17065 (on Static Vehicle Route 2 - 3) was removed from link 1 at position 178.2.	Network object type: Vehicle	Network object keys: 17065
                  Warning	Simulation second 10116.1: After 60.0 seconds of waiting for lane change the vehicle 17253 (on Static Vehicle Route 2 - 3) was removed from link 1 at position 178.2.	Network object type: Vehicle	Network object keys: 17253
                  Warning	Vehicle input 13: Gsvilsn-North could not be finished completely (remain: 138 vehicles).	Network object type: Vehicle Input	Network object keys: 13
                  Warning	Vehicle input 14: Gavilan-South could not be finished completely (remain: 291 vehicles).	Network object type: Vehicle Input	Network object keys: 14
                  Warning	Vehicle input 15: Gavilan-West could not be finished completely (remain: 158 vehicles).	Network object type: Vehicle Input	Network object keys: 15
