                  Warning	Simulation second 181.1: Vehicle 57 (on Static Vehicle Route 2 - 2) arrived at the end of link 1 without having found the next link (10015) of its route.	Network object type: Vehicle	Network object keys: 57
                  Warning	Simulation second 320.0: Vehicle 325 (on Static Vehicle Route 2 - 2) arrived at the end of link 1 without having found the next link (10015) of its route.	Network object type: Vehicle	Network object keys: 325
                  Warning	Simulation second 419.3: Vehicle 445 (on Static Vehicle Route 2 - 2) arrived at the end of link 1 without having found the next link (10015) of its route.	Network object type: Vehicle	Network object keys: 445
                  Warning	Simulation second 705.6: Vehicle 1120 (on Static Vehicle Route 2 - 2) arrived at the end of link 1 without having found the next link (10015) of its route.	Network object type: Vehicle	Network object keys: 1120
                  Warning	Simulation second 709.7: Vehicle 1250 (on Static Vehicle Route 2 - 2) arrived at the end of link 1 without having found the next link (10015) of its route.	Network object type: Vehicle	Network object keys: 1250
                  Warning	Simulation second 717.5: Vehicle 1610 (on Static Vehicle Route 2 - 2) arrived at the end of link 1 without having found the next link (10015) of its route.	Network object type: Vehicle	Network object keys: 1610
                  Warning	Simulation second 722.1: Vehicle 1411 (on Static Vehicle Route 2 - 2) arrived at the end of link 1 without having found the next link (10015) of its route.	Network object type: Vehicle	Network object keys: 1411
                  Warning	Simulation second 804.5: Vehicle 1485 (on Static Vehicle Route 2 - 2) arrived at the end of link 1 without having found the next link (10015) of its route.	Network object type: Vehicle	Network object keys: 1485
                  Warning	Simulation second 808.0: Vehicle 1354 (on Static Vehicle Route 2 - 2) arrived at the end of link 1 without having found the next link (10015) of its route.	Network object type: Vehicle	Network object keys: 1354
                  Warning	Simulation second 913.9: After 60.0 seconds of waiting for lane change the vehicle 1791 (on Static Vehicle Route 8 - 2) was removed from link 18 at position 947.4.	Network object type: Vehicle	Network object keys: 1791
                  Warning	Simulation second 934.9: Vehicle 1947 (on Static Vehicle Route 2 - 2) arrived at the end of link 1 without having found the next link (10015) of its route.	Network object type: Vehicle	Network object keys: 1947
                  Warning	Simulation second 1025.8: After 60.0 seconds of waiting for lane change the vehicle 2065 (on Static Vehicle Route 8 - 2) was removed from link 18 at position 947.4.	Network object type: Vehicle	Network object keys: 2065
                  Warning	Simulation second 1048.5: Vehicle 1935 (on Static Vehicle Route 2 - 2) arrived at the end of link 1 without having found the next link (10015) of its route.	Network object type: Vehicle	Network object keys: 1935
                  Warning	Simulation second 1121.1: After 60.0 seconds of waiting for lane change the vehicle 2197 (on Static Vehicle Route 8 - 2) was removed from link 18 at position 947.4.	Network object type: Vehicle	Network object keys: 2197
                  Warning	Simulation second 1137.2: After 60.0 seconds of waiting for lane change the vehicle 2335 (on Static Vehicle Route 8 - 2) was removed from link 18 at position 939.9.	Network object type: Vehicle	Network object keys: 2335
                  Warning	Simulation second 1146.0: Vehicle 2172 (on Static Vehicle Route 2 - 2) arrived at the end of link 1 without having found the next link (10015) of its route.	Network object type: Vehicle	Network object keys: 2172
                  Warning	Simulation second 1224.4: Vehicle 2368 (on Static Vehicle Route 2 - 2) arrived at the end of link 1 without having found the next link (10015) of its route.	Network object type: Vehicle	Network object keys: 2368
                  Warning	Simulation second 1226.2: Vehicle 2421 (on Static Vehicle Route 2 - 2) arrived at the end of link 1 without having found the next link (10015) of its route.	Network object type: Vehicle	Network object keys: 2421
                  Warning	Simulation second 1230.0: After 60.0 seconds of waiting for lane change the vehicle 2446 (on Static Vehicle Route 8 - 2) was removed from link 18 at position 939.9.	Network object type: Vehicle	Network object keys: 2446
                  Warning	Simulation second 1232.1: Vehicle 2777 (on Static Vehicle Route 2 - 2) arrived at the end of link 1 without having found the next link (10015) of its route.	Network object type: Vehicle	Network object keys: 2777
                  Warning	Simulation second 1240.0: After 60.0 seconds of waiting for lane change the vehicle 2104 (on Static Vehicle Route 8 - 2) was removed from link 18 at position 947.4.	Network object type: Vehicle	Network object keys: 2104
                  Warning	Simulation second 1339.0: After 60.0 seconds of waiting for lane change the vehicle 2429 (on Static Vehicle Route 8 - 2) was removed from link 18 at position 947.4.	Network object type: Vehicle	Network object keys: 2429
                  Warning	Simulation second 1392.6: Vehicle 3041 (on Static Vehicle Route 2 - 2) arrived at the end of link 1 without having found the next link (10015) of its route.	Network object type: Vehicle	Network object keys: 3041
                  Warning	Simulation second 1448.6: After 60.0 seconds of waiting for lane change the vehicle 2614 (on Static Vehicle Route 8 - 2) was removed from link 18 at position 947.4.	Network object type: Vehicle	Network object keys: 2614
                  Warning	Simulation second 1493.5: Vehicle 3070 (on Static Vehicle Route 2 - 2) arrived at the end of link 1 without having found the next link (10015) of its route.	Network object type: Vehicle	Network object keys: 3070
                  Warning	Simulation second 1554.0: After 60.0 seconds of waiting for lane change the vehicle 2832 (on Static Vehicle Route 8 - 2) was removed from link 18 at position 947.4.	Network object type: Vehicle	Network object keys: 2832
                  Warning	Simulation second 1558.1: After 60.0 seconds of waiting for lane change the vehicle 3225 (on Static Vehicle Route 8 - 2) was removed from link 18 at position 939.9.	Network object type: Vehicle	Network object keys: 3225
                  Warning	Simulation second 1667.2: After 60.0 seconds of waiting for lane change the vehicle 3207 (on Static Vehicle Route 8 - 2) was removed from link 18 at position 947.4.	Network object type: Vehicle	Network object keys: 3207
                  Warning	Simulation second 1743.8: Vehicle 3401 (on Static Vehicle Route 2 - 2) arrived at the end of link 1 without having found the next link (10015) of its route.	Network object type: Vehicle	Network object keys: 3401
                  Warning	Simulation second 1913.0: Vehicle 4074 (on Static Vehicle Route 2 - 2) arrived at the end of link 1 without having found the next link (10015) of its route.	Network object type: Vehicle	Network object keys: 4074
                  Warning	Simulation second 1933.4: After 60.0 seconds of waiting for lane change the vehicle 3945 (on Static Vehicle Route 8 - 2) was removed from link 18 at position 947.4.	Network object type: Vehicle	Network object keys: 3945
                  Warning	Simulation second 2001.9: Vehicle 4247 (on Static Vehicle Route 2 - 2) arrived at the end of link 1 without having found the next link (10015) of its route.	Network object type: Vehicle	Network object keys: 4247
                  Warning	Simulation second 2062.3: After 60.0 seconds of waiting for lane change the vehicle 4514 (on Static Vehicle Route 4 - 2) was removed from link 12 at position 881.9.	Network object type: Vehicle	Network object keys: 4514
                  Warning	Simulation second 2125.6: Vehicle 4447 (on Static Vehicle Route 2 - 2) arrived at the end of link 1 without having found the next link (10015) of its route.	Network object type: Vehicle	Network object keys: 4447
                  Warning	Simulation second 2162.5: Vehicle 4701 (on Static Vehicle Route 2 - 2) arrived at the end of link 1 without having found the next link (10015) of its route.	Network object type: Vehicle	Network object keys: 4701
                  Warning	Simulation second 2333.2: After 60.0 seconds of waiting for lane change the vehicle 5139 (on Static Vehicle Route 8 - 2) was removed from link 18 at position 947.4.	Network object type: Vehicle	Network object keys: 5139
                  Warning	Simulation second 2392.7: Vehicle 5101 (on Static Vehicle Route 2 - 2) arrived at the end of link 1 without having found the next link (10015) of its route.	Network object type: Vehicle	Network object keys: 5101
                  Warning	Simulation second 2582.4: Vehicle 5513 (on Static Vehicle Route 2 - 2) arrived at the end of link 1 without having found the next link (10015) of its route.	Network object type: Vehicle	Network object keys: 5513
                  Warning	Simulation second 2634.1: After 60.0 seconds of waiting for lane change the vehicle 5555 (on Static Vehicle Route 8 - 2) was removed from link 18 at position 939.9.	Network object type: Vehicle	Network object keys: 5555
                  Warning	Simulation second 2736.0: After 60.0 seconds of waiting for lane change the vehicle 6102 (on Static Vehicle Route 8 - 2) was removed from link 18 at position 939.9.	Network object type: Vehicle	Network object keys: 6102
                  Warning	Simulation second 2832.5: After 60.0 seconds of waiting for lane change the vehicle 5879 (on Static Vehicle Route 8 - 2) was removed from link 18 at position 947.4.	Network object type: Vehicle	Network object keys: 5879
                  Warning	Simulation second 2852.1: After 60.0 seconds of waiting for lane change the vehicle 6386 (on Static Vehicle Route 8 - 2) was removed from link 18 at position 939.9.	Network object type: Vehicle	Network object keys: 6386
                  Warning	Simulation second 2969.9: After 60.0 seconds of waiting for lane change the vehicle 6377 (on Static Vehicle Route 8 - 2) was removed from link 18 at position 947.4.	Network object type: Vehicle	Network object keys: 6377
                  Warning	Simulation second 3051.2: Vehicle 6748 (on Static Vehicle Route 2 - 2) arrived at the end of link 1 without having found the next link (10015) of its route.	Network object type: Vehicle	Network object keys: 6748
                  Warning	Simulation second 3085.1: After 60.0 seconds of waiting for lane change the vehicle 6568 (on Static Vehicle Route 8 - 2) was removed from link 18 at position 947.4.	Network object type: Vehicle	Network object keys: 6568
                  Warning	Simulation second 3197.7: After 60.0 seconds of waiting for lane change the vehicle 6419 (on Static Vehicle Route 8 - 2) was removed from link 18 at position 947.4.	Network object type: Vehicle	Network object keys: 6419
                  Warning	Simulation second 3198.3: Vehicle 7020 (on Static Vehicle Route 2 - 2) arrived at the end of link 1 without having found the next link (10015) of its route.	Network object type: Vehicle	Network object keys: 7020
                  Warning	Simulation second 3351.2: Vehicle 7576 (on Static Vehicle Route 2 - 2) arrived at the end of link 1 without having found the next link (10015) of its route.	Network object type: Vehicle	Network object keys: 7576
                  Warning	Simulation second 3428.3: After 60.0 seconds of waiting for lane change the vehicle 7113 (on Static Vehicle Route 8 - 2) was removed from link 18 at position 947.4.	Network object type: Vehicle	Network object keys: 7113
                  Warning	Simulation second 3444.2: Vehicle 7968 (on Static Vehicle Route 2 - 2) arrived at the end of link 1 without having found the next link (10015) of its route.	Network object type: Vehicle	Network object keys: 7968
                  Warning	Simulation second 3447.6: Vehicle 7796 (on Static Vehicle Route 2 - 2) arrived at the end of link 1 without having found the next link (10015) of its route.	Network object type: Vehicle	Network object keys: 7796
                  Warning	Simulation second 3449.1: Vehicle 7622 (on Static Vehicle Route 2 - 2) arrived at the end of link 1 without having found the next link (10015) of its route.	Network object type: Vehicle	Network object keys: 7622
                  Warning	Simulation second 3627.7: After 60.0 seconds of waiting for lane change the vehicle 7387 (on Static Vehicle Route 8 - 2) was removed from link 18 at position 947.4.	Network object type: Vehicle	Network object keys: 7387
                  Warning	Simulation second 3662.5: Vehicle 8424 (on Static Vehicle Route 2 - 2) arrived at the end of link 1 without having found the next link (10015) of its route.	Network object type: Vehicle	Network object keys: 8424
                  Warning	Simulation second 3669.5: Vehicle 8164 (on Static Vehicle Route 2 - 2) arrived at the end of link 1 without having found the next link (10015) of its route.	Network object type: Vehicle	Network object keys: 8164
                  Warning	Simulation second 3760.1: Vehicle 8487 (on Static Vehicle Route 2 - 2) arrived at the end of link 1 without having found the next link (10015) of its route.	Network object type: Vehicle	Network object keys: 8487
                  Warning	Simulation second 3763.6: Vehicle 8542 (on Static Vehicle Route 2 - 2) arrived at the end of link 1 without having found the next link (10015) of its route.	Network object type: Vehicle	Network object keys: 8542
                  Warning	Simulation second 3775.0: Vehicle 8443 (on Static Vehicle Route 2 - 2) arrived at the end of link 1 without having found the next link (10015) of its route.	Network object type: Vehicle	Network object keys: 8443
                  Warning	Simulation second 3887.2: Vehicle 8787 (on Static Vehicle Route 2 - 2) arrived at the end of link 1 without having found the next link (10015) of its route.	Network object type: Vehicle	Network object keys: 8787
                  Warning	Simulation second 3924.1: After 60.0 seconds of waiting for lane change the vehicle 8324 (on Static Vehicle Route 8 - 2) was removed from link 18 at position 947.4.	Network object type: Vehicle	Network object keys: 8324
                  Warning	Simulation second 4002.6: Vehicle 9053 (on Static Vehicle Route 2 - 2) arrived at the end of link 1 without having found the next link (10015) of its route.	Network object type: Vehicle	Network object keys: 9053
                  Warning	Simulation second 4026.4: After 60.0 seconds of waiting for lane change the vehicle 8677 (on Static Vehicle Route 8 - 2) was removed from link 18 at position 947.4.	Network object type: Vehicle	Network object keys: 8677
                  Warning	Simulation second 4091.2: After 60.0 seconds of waiting for lane change the vehicle 8437 (on Static Vehicle Route 8 - 2) was removed from link 18 at position 947.4.	Network object type: Vehicle	Network object keys: 8437
                  Warning	Simulation second 4152.8: Vehicle 9387 (on Static Vehicle Route 2 - 2) arrived at the end of link 1 without having found the next link (10015) of its route.	Network object type: Vehicle	Network object keys: 9387
                  Warning	Simulation second 4228.8: Vehicle 9482 (on Static Vehicle Route 2 - 2) arrived at the end of link 1 without having found the next link (10015) of its route.	Network object type: Vehicle	Network object keys: 9482
                  Warning	Simulation second 4233.1: Vehicle 9528 (on Static Vehicle Route 2 - 2) arrived at the end of link 1 without having found the next link (10015) of its route.	Network object type: Vehicle	Network object keys: 9528
                  Warning	Simulation second 4237.8: Vehicle 9643 (on Static Vehicle Route 2 - 2) arrived at the end of link 1 without having found the next link (10015) of its route.	Network object type: Vehicle	Network object keys: 9643
                  Warning	Simulation second 4429.9: Vehicle 9916 (on Static Vehicle Route 2 - 2) arrived at the end of link 1 without having found the next link (10015) of its route.	Network object type: Vehicle	Network object keys: 9916
                  Warning	Simulation second 4431.9: Vehicle 10005 (on Static Vehicle Route 2 - 2) arrived at the end of link 1 without having found the next link (10015) of its route.	Network object type: Vehicle	Network object keys: 10005
                  Warning	Simulation second 4558.6: Vehicle 10458 (on Static Vehicle Route 2 - 2) arrived at the end of link 1 without having found the next link (10015) of its route.	Network object type: Vehicle	Network object keys: 10458
                  Warning	Simulation second 4560.9: Vehicle 10234 (on Static Vehicle Route 2 - 2) arrived at the end of link 1 without having found the next link (10015) of its route.	Network object type: Vehicle	Network object keys: 10234
                  Warning	Simulation second 4562.6: Vehicle 10182 (on Static Vehicle Route 2 - 2) arrived at the end of link 1 without having found the next link (10015) of its route.	Network object type: Vehicle	Network object keys: 10182
                  Warning	Simulation second 4572.6: After 60.0 seconds of waiting for lane change the vehicle 10413 (on Static Vehicle Route 20 - 2) was removed from link 53 at position 1013.0.	Network object type: Vehicle	Network object keys: 10413
                  Warning	Simulation second 4585.6: Vehicle 10690 (on Static Vehicle Route 2 - 2) arrived at the end of link 1 without having found the next link (10015) of its route.	Network object type: Vehicle	Network object keys: 10690
                  Warning	Simulation second 4662.3: Vehicle 10303 (on Static Vehicle Route 2 - 2) arrived at the end of link 1 without having found the next link (10015) of its route.	Network object type: Vehicle	Network object keys: 10303
                  Warning	Simulation second 4690.7: Vehicle 10534 (on Static Vehicle Route 2 - 2) arrived at the end of link 1 without having found the next link (10015) of its route.	Network object type: Vehicle	Network object keys: 10534
                  Warning	Simulation second 4786.1: Vehicle 10776 (on Static Vehicle Route 2 - 2) arrived at the end of link 1 without having found the next link (10015) of its route.	Network object type: Vehicle	Network object keys: 10776
                  Warning	Simulation second 4802.1: Vehicle 10975 (on Static Vehicle Route 2 - 2) arrived at the end of link 1 without having found the next link (10015) of its route.	Network object type: Vehicle	Network object keys: 10975
                  Warning	Simulation second 5019.8: After 60.0 seconds of waiting for lane change the vehicle 11079 (on Static Vehicle Route 8 - 2) was removed from link 18 at position 947.4.	Network object type: Vehicle	Network object keys: 11079
                  Warning	Simulation second 5086.6: After 60.0 seconds of waiting for lane change the vehicle 11811 (on Static Vehicle Route 2 - 3) was removed from link 1 at position 178.2.	Network object type: Vehicle	Network object keys: 11811
                  Warning	Simulation second 5148.8: After 60.0 seconds of waiting for lane change the vehicle 11016 (on Static Vehicle Route 8 - 2) was removed from link 18 at position 947.4.	Network object type: Vehicle	Network object keys: 11016
                  Warning	Simulation second 5349.2: After 60.0 seconds of waiting for lane change the vehicle 11560 (on Static Vehicle Route 8 - 2) was removed from link 18 at position 947.4.	Network object type: Vehicle	Network object keys: 11560
                  Warning	Simulation second 5624.6: After 60.0 seconds of waiting for lane change the vehicle 12128 (on Static Vehicle Route 8 - 2) was removed from link 18 at position 947.4.	Network object type: Vehicle	Network object keys: 12128
                  Warning	Simulation second 5845.2: After 60.0 seconds of waiting for lane change the vehicle 12735 (on Static Vehicle Route 8 - 2) was removed from link 18 at position 947.4.	Network object type: Vehicle	Network object keys: 12735
                  Warning	Simulation second 6047.2: After 60.0 seconds of waiting for lane change the vehicle 13135 (on Static Vehicle Route 8 - 2) was removed from link 18 at position 939.9.	Network object type: Vehicle	Network object keys: 13135
                  Warning	Simulation second 6145.0: After 60.0 seconds of waiting for lane change the vehicle 13124 (on Static Vehicle Route 8 - 2) was removed from link 18 at position 947.4.	Network object type: Vehicle	Network object keys: 13124
                  Warning	Simulation second 6258.9: After 60.0 seconds of waiting for lane change the vehicle 13219 (on Static Vehicle Route 8 - 2) was removed from link 18 at position 947.4.	Network object type: Vehicle	Network object keys: 13219
                  Warning	Simulation second 6366.9: After 60.0 seconds of waiting for lane change the vehicle 13268 (on Static Vehicle Route 8 - 2) was removed from link 18 at position 947.4.	Network object type: Vehicle	Network object keys: 13268
                  Warning	Simulation second 6467.1: After 60.0 seconds of waiting for lane change the vehicle 13852 (on Static Vehicle Route 8 - 2) was removed from link 18 at position 947.4.	Network object type: Vehicle	Network object keys: 13852
                  Warning	Simulation second 6573.4: After 60.0 seconds of waiting for lane change the vehicle 13817 (on Static Vehicle Route 8 - 2) was removed from link 18 at position 947.4.	Network object type: Vehicle	Network object keys: 13817
                  Warning	Simulation second 6684.6: After 60.0 seconds of waiting for lane change the vehicle 13654 (on Static Vehicle Route 8 - 2) was removed from link 18 at position 947.4.	Network object type: Vehicle	Network object keys: 13654
                  Warning	Simulation second 6700.1: After 60.0 seconds of waiting for lane change the vehicle 14041 (on Static Vehicle Route 8 - 2) was removed from link 18 at position 939.9.	Network object type: Vehicle	Network object keys: 14041
                  Warning	Simulation second 6776.9: After 60.0 seconds of waiting for lane change the vehicle 14124 (on Static Vehicle Route 8 - 2) was removed from link 18 at position 939.9.	Network object type: Vehicle	Network object keys: 14124
                  Warning	Simulation second 6979.2: After 60.0 seconds of waiting for lane change the vehicle 14524 (on Static Vehicle Route 8 - 2) was removed from link 18 at position 947.4.	Network object type: Vehicle	Network object keys: 14524
                  Warning	Simulation second 6983.5: After 60.0 seconds of waiting for lane change the vehicle 14879 (on Static Vehicle Route 8 - 2) was removed from link 18 at position 939.9.	Network object type: Vehicle	Network object keys: 14879
                  Warning	Simulation second 7087.4: After 60.0 seconds of waiting for lane change the vehicle 15063 (on Static Vehicle Route 8 - 2) was removed from link 18 at position 939.9.	Network object type: Vehicle	Network object keys: 15063
                  Warning	Vehicle input 13: Gsvilsn-North could not be finished completely (remain: 261 vehicles).	Network object type: Vehicle Input	Network object keys: 13
                  Warning	Vehicle input 14: Gavilan-South could not be finished completely (remain: 206 vehicles).	Network object type: Vehicle Input	Network object keys: 14
                  Warning	Vehicle input 15: Gavilan-West could not be finished completely (remain: 145 vehicles).	Network object type: Vehicle Input	Network object keys: 15
