                  Warning	Simulation second 2726.8: After 60.0 seconds of waiting for lane change the vehicle 2487 (on Static Vehicle Route 20 - 2) was removed from link 53 at position 1013.0.	Network object type: Vehicle	Network object keys: 2487
                  Warning	Simulation second 5044.4: After 60.0 seconds of waiting for lane change the vehicle 4654 (on Static Vehicle Route 20 - 2) was removed from link 53 at position 1013.0.	Network object type: Vehicle	Network object keys: 4654
                  Warning	Simulation second 5288.9: After 60.0 seconds of waiting for lane change the vehicle 4919 (on Static Vehicle Route 20 - 2) was removed from link 53 at position 1013.0.	Network object type: Vehicle	Network object keys: 4919
                  Warning	Simulation second 11476.0: After 60.0 seconds of waiting for lane change the vehicle 10833 (on Static Vehicle Route 20 - 2) was removed from link 53 at position 1013.0.	Network object type: Vehicle	Network object keys: 10833
                  Warning	Simulation second 12338.7: After 60.0 seconds of waiting for lane change the vehicle 11745 (on Static Vehicle Route 22 - 1) was removed from link 37 at position 161.1.	Network object type: Vehicle	Network object keys: 11745
                  Warning	Simulation second 12413.7: After 60.0 seconds of waiting for lane change the vehicle 11800 (on Static Vehicle Route 22 - 1) was removed from link 37 at position 161.1.	Network object type: Vehicle	Network object keys: 11800
                  Warning	Simulation second 12875.0: After 60.0 seconds of waiting for lane change the vehicle 12231 (on Static Vehicle Route 22 - 3) was removed from link 37 at position 116.5.	Network object type: Vehicle	Network object keys: 12231
                  Warning	Simulation second 14165.1: After 60.0 seconds of waiting for lane change the vehicle 13422 (on Static Vehicle Route 22 - 3) was removed from link 37 at position 116.5.	Network object type: Vehicle	Network object keys: 13422
                  Warning	Simulation second 14336.2: After 60.0 seconds of waiting for lane change the vehicle 13616 (on Static Vehicle Route 22 - 3) was removed from link 35 at position 147.2.	Network object type: Vehicle	Network object keys: 13616
                  Warning	Simulation second 14400.9: After 60.0 seconds of waiting for lane change the vehicle 13678 (on Static Vehicle Route 22 - 2) was removed from link 35 at position 147.2.	Network object type: Vehicle	Network object keys: 13678
                  Warning	Simulation second 16541.2: After 60.0 seconds of waiting for lane change the vehicle 13452 (on Static Vehicle Route 22 - 1) was removed from link 37 at position 161.1.	Network object type: Vehicle	Network object keys: 13452
                  Warning	Simulation second 16574.7: After 60.0 seconds of waiting for lane change the vehicle 13706 (on Static Vehicle Route 22 - 1) was removed from link 35 at position 147.2.	Network object type: Vehicle	Network object keys: 13706
                  Warning	Simulation second 16607.7: After 60.0 seconds of waiting for lane change the vehicle 13598 (on Static Vehicle Route 18 - 3) was removed from link 50 at position 883.3.	Network object type: Vehicle	Network object keys: 13598
                  Warning	Simulation second 16672.2: After 60.0 seconds of waiting for lane change the vehicle 13703 (on Static Vehicle Route 22 - 3) was removed from link 37 at position 116.5.	Network object type: Vehicle	Network object keys: 13703
                  Warning	Simulation second 16714.4: After 60.0 seconds of waiting for lane change the vehicle 13869 (on Static Vehicle Route 22 - 1) was removed from link 35 at position 147.2.	Network object type: Vehicle	Network object keys: 13869
                  Warning	Simulation second 16728.2: After 60.0 seconds of waiting for lane change the vehicle 13686 (on Static Vehicle Route 18 - 3) was removed from link 50 at position 883.3.	Network object type: Vehicle	Network object keys: 13686
                  Warning	Simulation second 16772.4: After 60.0 seconds of waiting for lane change the vehicle 13709 (on Static Vehicle Route 22 - 3) was removed from link 37 at position 116.5.	Network object type: Vehicle	Network object keys: 13709
                  Warning	Simulation second 16914.4: After 60.0 seconds of waiting for lane change the vehicle 13615 (on Static Vehicle Route 22 - 3) was removed from link 37 at position 116.5.	Network object type: Vehicle	Network object keys: 13615
                  Warning	Simulation second 16947.0: After 60.0 seconds of waiting for lane change the vehicle 13895 (on Static Vehicle Route 22 - 1) was removed from link 35 at position 147.2.	Network object type: Vehicle	Network object keys: 13895
                  Warning	Simulation second 16983.4: After 60.0 seconds of waiting for lane change the vehicle 13858 (on Static Vehicle Route 18 - 3) was removed from link 50 at position 883.3.	Network object type: Vehicle	Network object keys: 13858
                  Warning	Simulation second 17133.9: After 60.0 seconds of waiting for lane change the vehicle 13963 (on Static Vehicle Route 18 - 3) was removed from link 50 at position 883.3.	Network object type: Vehicle	Network object keys: 13963
                  Warning	Simulation second 17181.1: After 60.0 seconds of waiting for lane change the vehicle 13785 (on Static Vehicle Route 22 - 3) was removed from link 37 at position 116.5.	Network object type: Vehicle	Network object keys: 13785
                  Warning	Simulation second 17236.7: After 60.0 seconds of waiting for lane change the vehicle 14769 (on Static Vehicle Route 22 - 2) was removed from link 35 at position 147.2.	Network object type: Vehicle	Network object keys: 14769
                  Warning	Simulation second 17260.7: After 60.0 seconds of waiting for lane change the vehicle 13987 (on Static Vehicle Route 18 - 3) was removed from link 50 at position 883.3.	Network object type: Vehicle	Network object keys: 13987
                  Warning	Simulation second 17352.2: After 60.0 seconds of waiting for lane change the vehicle 13994 (on Static Vehicle Route 18 - 3) was removed from link 50 at position 883.3.	Network object type: Vehicle	Network object keys: 13994
                  Warning	Simulation second 17363.8: After 60.0 seconds of waiting for lane change the vehicle 14778 (on Static Vehicle Route 22 - 3) was removed from link 37 at position 116.5.	Network object type: Vehicle	Network object keys: 14778
                  Warning	Simulation second 17410.0: After 60.0 seconds of waiting for lane change the vehicle 15076 (on Static Vehicle Route 22 - 1) was removed from link 35 at position 147.2.	Network object type: Vehicle	Network object keys: 15076
                  Warning	Simulation second 17502.5: After 60.0 seconds of waiting for lane change the vehicle 14938 (on Static Vehicle Route 22 - 3) was removed from link 37 at position 116.5.	Network object type: Vehicle	Network object keys: 14938
                  Warning	Simulation second 17509.0: After 60.0 seconds of waiting for lane change the vehicle 14792 (on Static Vehicle Route 22 - 1) was removed from link 37 at position 161.1.	Network object type: Vehicle	Network object keys: 14792
                  Warning	Simulation second 17572.6: After 60.0 seconds of waiting for lane change the vehicle 14945 (on Static Vehicle Route 22 - 3) was removed from link 37 at position 116.5.	Network object type: Vehicle	Network object keys: 14945
                  Warning	Simulation second 17579.1: After 60.0 seconds of waiting for lane change the vehicle 14844 (on Static Vehicle Route 18 - 3) was removed from link 50 at position 883.3.	Network object type: Vehicle	Network object keys: 14844
                  Warning	Simulation second 18023.2: After 60.0 seconds of waiting for lane change the vehicle 15418 (on Static Vehicle Route 22 - 3) was removed from link 37 at position 116.5.	Network object type: Vehicle	Network object keys: 15418
                  Warning	Simulation second 18034.9: After 60.0 seconds of waiting for lane change the vehicle 15464 (on Static Vehicle Route 22 - 3) was removed from link 35 at position 147.2.	Network object type: Vehicle	Network object keys: 15464
                  Warning	Simulation second 18141.8: After 60.0 seconds of waiting for lane change the vehicle 15496 (on Static Vehicle Route 22 - 1) was removed from link 37 at position 161.1.	Network object type: Vehicle	Network object keys: 15496
                  Warning	Simulation second 18199.0: After 60.0 seconds of waiting for lane change the vehicle 15859 (on Static Vehicle Route 22 - 1) was removed from link 35 at position 147.2.	Network object type: Vehicle	Network object keys: 15859
                  Warning	Simulation second 18287.9: After 60.0 seconds of waiting for lane change the vehicle 15857 (on Static Vehicle Route 22 - 1) was removed from link 37 at position 161.1.	Network object type: Vehicle	Network object keys: 15857
                  Warning	Simulation second 18373.4: After 60.0 seconds of waiting for lane change the vehicle 15527 (on Static Vehicle Route 18 - 3) was removed from link 50 at position 883.3.	Network object type: Vehicle	Network object keys: 15527
                  Warning	Simulation second 18408.1: After 60.0 seconds of waiting for lane change the vehicle 15968 (on Static Vehicle Route 22 - 3) was removed from link 37 at position 116.5.	Network object type: Vehicle	Network object keys: 15968
                  Warning	Simulation second 18616.9: After 60.0 seconds of waiting for lane change the vehicle 16136 (on Static Vehicle Route 22 - 3) was removed from link 37 at position 116.5.	Network object type: Vehicle	Network object keys: 16136
                  Warning	Simulation second 18639.4: After 60.0 seconds of waiting for lane change the vehicle 15766 (on Static Vehicle Route 18 - 3) was removed from link 50 at position 883.3.	Network object type: Vehicle	Network object keys: 15766
                  Warning	Simulation second 18666.4: After 60.0 seconds of waiting for lane change the vehicle 16215 (on Static Vehicle Route 22 - 1) was removed from link 35 at position 147.2.	Network object type: Vehicle	Network object keys: 16215
                  Warning	Simulation second 18739.6: After 60.0 seconds of waiting for lane change the vehicle 16172 (on Static Vehicle Route 22 - 3) was removed from link 37 at position 116.5.	Network object type: Vehicle	Network object keys: 16172
                  Warning	Simulation second 18794.3: After 60.0 seconds of waiting for lane change the vehicle 15966 (on Static Vehicle Route 18 - 3) was removed from link 50 at position 883.3.	Network object type: Vehicle	Network object keys: 15966
                  Warning	Simulation second 18958.2: After 60.0 seconds of waiting for lane change the vehicle 16030 (on Static Vehicle Route 18 - 3) was removed from link 50 at position 883.3.	Network object type: Vehicle	Network object keys: 16030
                  Warning	Simulation second 19196.7: After 60.0 seconds of waiting for lane change the vehicle 16592 (on Static Vehicle Route 22 - 1) was removed from link 37 at position 161.1.	Network object type: Vehicle	Network object keys: 16592
                  Warning	Simulation second 19267.8: After 60.0 seconds of waiting for lane change the vehicle 16364 (on Static Vehicle Route 18 - 3) was removed from link 50 at position 883.3.	Network object type: Vehicle	Network object keys: 16364
                  Warning	Simulation second 19439.5: After 60.0 seconds of waiting for lane change the vehicle 16919 (on Static Vehicle Route 22 - 3) was removed from link 37 at position 116.5.	Network object type: Vehicle	Network object keys: 16919
                  Warning	Simulation second 19481.0: After 60.0 seconds of waiting for lane change the vehicle 16979 (on Static Vehicle Route 22 - 1) was removed from link 35 at position 147.2.	Network object type: Vehicle	Network object keys: 16979
                  Warning	Simulation second 23820.4: After 60.0 seconds of waiting for lane change the vehicle 16580 (on Static Vehicle Route 18 - 3) was removed from link 50 at position 883.3.	Network object type: Vehicle	Network object keys: 16580
                  Warning	Simulation second 23879.1: After 60.0 seconds of waiting for lane change the vehicle 17044 (on Static Vehicle Route 22 - 3) was removed from link 37 at position 116.5.	Network object type: Vehicle	Network object keys: 17044
                  Warning	Simulation second 23882.4: After 60.0 seconds of waiting for lane change the vehicle 17037 (on Static Vehicle Route 22 - 1) was removed from link 37 at position 161.1.	Network object type: Vehicle	Network object keys: 17037
                  Warning	Simulation second 23916.8: After 60.0 seconds of waiting for lane change the vehicle 17144 (on Static Vehicle Route 22 - 3) was removed from link 35 at position 147.2.	Network object type: Vehicle	Network object keys: 17144
                  Warning	Simulation second 24025.5: After 60.0 seconds of waiting for lane change the vehicle 17138 (on Static Vehicle Route 22 - 3) was removed from link 37 at position 116.5.	Network object type: Vehicle	Network object keys: 17138
                  Warning	Simulation second 24077.8: After 60.0 seconds of waiting for lane change the vehicle 17624 (on Static Vehicle Route 22 - 3) was removed from link 35 at position 147.2.	Network object type: Vehicle	Network object keys: 17624
                  Warning	Simulation second 24289.7: After 60.0 seconds of waiting for lane change the vehicle 17625 (on Static Vehicle Route 22 - 1) was removed from link 37 at position 161.1.	Network object type: Vehicle	Network object keys: 17625
                  Warning	Simulation second 24294.2: After 60.0 seconds of waiting for lane change the vehicle 17066 (on Static Vehicle Route 18 - 3) was removed from link 50 at position 883.3.	Network object type: Vehicle	Network object keys: 17066
                  Warning	Simulation second 24354.9: After 60.0 seconds of waiting for lane change the vehicle 18055 (on Static Vehicle Route 22 - 3) was removed from link 35 at position 147.2.	Network object type: Vehicle	Network object keys: 18055
                  Warning	Simulation second 24675.9: After 60.0 seconds of waiting for lane change the vehicle 18419 (on Static Vehicle Route 20 - 3) was removed from link 53 at position 909.6.	Network object type: Vehicle	Network object keys: 18419
                  Warning	Simulation second 24844.3: After 60.0 seconds of waiting for lane change the vehicle 17702 (on Static Vehicle Route 22 - 3) was removed from link 37 at position 116.5.	Network object type: Vehicle	Network object keys: 17702
                  Warning	Simulation second 25086.8: After 60.0 seconds of waiting for lane change the vehicle 17091 (on Static Vehicle Route 18 - 3) was removed from link 50 at position 883.3.	Network object type: Vehicle	Network object keys: 17091
                  Warning	Simulation second 25182.3: After 60.0 seconds of waiting for lane change the vehicle 17136 (on Static Vehicle Route 18 - 3) was removed from link 50 at position 883.3.	Network object type: Vehicle	Network object keys: 17136
                  Warning	Simulation second 25278.1: After 60.0 seconds of waiting for lane change the vehicle 18557 (on Static Vehicle Route 20 - 3) was removed from link 53 at position 909.6.	Network object type: Vehicle	Network object keys: 18557
                  Warning	Simulation second 25384.2: After 60.0 seconds of waiting for lane change the vehicle 17774 (on Static Vehicle Route 18 - 3) was removed from link 50 at position 883.3.	Network object type: Vehicle	Network object keys: 17774
                  Warning	Simulation second 25563.8: After 60.0 seconds of waiting for lane change the vehicle 17833 (on Static Vehicle Route 22 - 3) was removed from link 37 at position 116.5.	Network object type: Vehicle	Network object keys: 17833
                  Warning	Simulation second 25594.9: After 60.0 seconds of waiting for lane change the vehicle 18115 (on Static Vehicle Route 22 - 1) was removed from link 35 at position 147.2.	Network object type: Vehicle	Network object keys: 18115
                  Warning	Simulation second 25723.7: After 60.0 seconds of waiting for lane change the vehicle 18075 (on Static Vehicle Route 22 - 3) was removed from link 37 at position 116.5.	Network object type: Vehicle	Network object keys: 18075
                  Warning	Simulation second 25725.2: After 60.0 seconds of waiting for lane change the vehicle 17257 (on Static Vehicle Route 18 - 3) was removed from link 50 at position 883.3.	Network object type: Vehicle	Network object keys: 17257
                  Warning	Simulation second 25764.3: After 60.0 seconds of waiting for lane change the vehicle 18250 (on Static Vehicle Route 22 - 1) was removed from link 35 at position 147.2.	Network object type: Vehicle	Network object keys: 18250
                  Warning	Simulation second 25867.1: After 60.0 seconds of waiting for lane change the vehicle 18204 (on Static Vehicle Route 18 - 3) was removed from link 50 at position 883.3.	Network object type: Vehicle	Network object keys: 18204
                  Warning	Simulation second 26026.7: After 60.0 seconds of waiting for lane change the vehicle 18269 (on Static Vehicle Route 18 - 3) was removed from link 50 at position 883.3.	Network object type: Vehicle	Network object keys: 18269
                  Warning	Simulation second 26101.0: After 60.0 seconds of waiting for lane change the vehicle 19304 (on Static Vehicle Route 20 - 3) was removed from link 53 at position 909.6.	Network object type: Vehicle	Network object keys: 19304
                  Warning	Simulation second 26199.5: After 60.0 seconds of waiting for lane change the vehicle 19322 (on Static Vehicle Route 20 - 3) was removed from link 53 at position 909.6.	Network object type: Vehicle	Network object keys: 19322
                  Warning	Simulation second 28664.1: After 60.0 seconds of waiting for lane change the vehicle 18917 (on Static Vehicle Route 18 - 3) was removed from link 50 at position 883.3.	Network object type: Vehicle	Network object keys: 18917
                  Warning	Vehicle input 8: AnthemWest could not be finished completely (remain: 3644 vehicles).	Network object type: Vehicle Input	Network object keys: 8
                  Warning	Vehicle input 9: AnthemSouth could not be finished completely (remain: 473 vehicles).	Network object type: Vehicle Input	Network object keys: 9
                  Warning	Vehicle input 10: AnthemEast could not be finished completely (remain: 1528 vehicles).	Network object type: Vehicle Input	Network object keys: 10
                  Warning	Vehicle input 11: AnthemNorth could not be finished completely (remain: 2125 vehicles).	Network object type: Vehicle Input	Network object keys: 11
