Controller IP Address is:	10.12.6.17
Controller Port is:	501
Current RSU ID daisy_anthem
/nojournal/bin/ConfigInfo_Anthem.txt
Current timing plan is:	32696
Phase_Num 8Phase_Seq 1 2 3 4 5 6 7 8Gmin	4	15	4	8	4	15	4	8Yellow	3	3.6	3	4	3	3.6	3	4Red	1	3.1	1	4.3	1	3.1	1	4.3Gmax	16	49	29	26	34	31	17	38PedWalk	0	7	0	7	0	7	0	7PedClr	0	39	0	40	0	39	0	40 Cannot connect to RSU!!!!!  At time: 1591743190.85 
 Cannot connect to RSU!!!!!  At time: 1591743197.26 
 Cannot connect to RSU!!!!!  At time: 1591743203.67 
 Cannot connect to RSU!!!!!  At time: 1591743210.08 
 Cannot connect to RSU!!!!!  At time: 1591743216.49 
 Cannot connect to RSU!!!!!  At time: 1591743222.90 
 Cannot connect to RSU!!!!!  At time: 1591743229.31 
 Cannot connect to RSU!!!!!  At time: 1591743235.72 
 Cannot connect to RSU!!!!!  At time: 1591743242.13 
 Cannot connect to RSU!!!!!  At time: 1591743248.54 
 Cannot connect to RSU!!!!!  At time: 1591743254.95 
 Cannot connect to RSU!!!!!  At time: 1591743261.36 
 Cannot connect to RSU!!!!!  At time: 1591743267.77 
 Cannot connect to RSU!!!!!  At time: 1591743274.18 
 Cannot connect to RSU!!!!!  At time: 1591743280.59 
 Cannot connect to RSU!!!!!  At time: 1591743287.00 
 Cannot connect to RSU!!!!!  At time: 1591743293.41 
 Cannot connect to RSU!!!!!  At time: 1591743299.82 
 Cannot connect to RSU!!!!!  At time: 1591743306.23 
 Cannot connect to RSU!!!!!  At time: 1591743312.64 
 Cannot connect to RSU!!!!!  At time: 1591743319.04 
 Cannot connect to RSU!!!!!  At time: 1591743325.45 
 Cannot connect to RSU!!!!!  At time: 1591743331.86 
 Cannot connect to RSU!!!!!  At time: 1591743338.27 
 Cannot connect to RSU!!!!!  At time: 1591743344.68 
 Cannot connect to RSU!!!!!  At time: 1591743351.09 
 Cannot connect to RSU!!!!!  At time: 1591743357.50 
 Cannot connect to RSU!!!!!  At time: 1591743363.90 
 Cannot connect to RSU!!!!!  At time: 1591743370.31 
 Cannot connect to RSU!!!!!  At time: 1591743376.72 
 Cannot connect to RSU!!!!!  At time: 1591743379.13 
Num_req -1 0
Num_req -1 0
Num_req -1 0
Num_req -1 0
Num_req -1 0
Num_req -1 0
Num_req -1 0
Num_req -1 0
Num_req -1 0
Num_req -1 0
Num_req -1 0
Num_req -1 0
Num_req -1 0
Num_req -1 0
Num_req -1 0
Num_req -1 0
Num_req -1 0
Num_req -1 0
Num_req -1 0
Num_req -1 0
Num_req -1 0
Num_req -1 0
Num_req -1 0
Num_req -1 0
Num_req -1 0
Num_req -1 0
Num_req -1 0
Num_req -1 0
Num_req -1 0
Num_req -1 0
Num_req -1 0
Num_req -1 0
Num_req -1 0
Num_req -1 0
Num_req -1 0
Num_req -1 0
Num_req -1 0
Num_req -1 0
Num_req -1 0
Num_req -1 0
Num_req -1 0
Num_req -1 0
Num_req -1 0
Num_req -1 0
Num_req -1 0
Num_req -1 0
Num_req -1 0
Num_req -1 0
Num_req -1 0
Num_req -1 0
Num_req -1 0
Num_req -1 0
Num_req -1 0
Num_req -1 0
Num_req -1 0
Num_req -1 0
Num_req -1 0
Num_req -1 0
Num_req -1 0
Num_req -1 0
Num_req -1 0
Num_req -1 0
Num_req -1 0
Num_req -1 0
Num_req -1 0
Num_req -1 0
Num_req -1 0
Num_req -1 0
Num_req -1 0
Num_req -1 0
Num_req -1 0
Num_req -1 0
Num_req -1 0
Num_req -1 0
Num_req -1 0
Num_req -1 0
Num_req -1 0
Num_req -1 0
Num_req -1 0
Num_req -1 0
Num_req -1 0
Num_req -1 0
Num_req -1 0
Num_req -1 0
Num_req -1 0
Num_req -1 0
Num_req -1 0
Num_req -1 0
Num_req -1 0
Num_req -1 0
Num_req -1 0
Num_req -1 0
Num_req -1 0
Num_req -1 0
Num_req -1 0
Num_req -1 0
Num_req -1 0
Num_req -1 0
Num_req -1 0
Num_req -1 0
Num_req -1 0
Num_req -1 0
Num_req -1 0
Num_req -1 0
Num_req -1 0
Num_req -1 0
Num_req -1 0
Num_req -1 0
Num_req -1 0
Num_req -1 0
Num_req -1 0
Num_req -1 0
Num_req -1 0
Num_req -1 0
Num_req -1 0
Num_req -1 0
Num_req -1 0
Num_req -1 0
Num_req -1 0
Num_req -1 0
Num_req -1 0
Num_req -1 0
Num_req -1 0
Num_req -1 0
Num_req -1 0
Num_req -1 0
Num_req -1 0
Num_req -1 0
Num_req -1 0
Num_req -1 0
Num_req -1 0
Num_req -1 0
Num_req -1 0
Num_req -1 0
Num_req -1 0
Num_req -1 0
Num_req -1 0
Num_req -1 0
Num_req -1 0
Num_req -1 0
Num_req -1 0
Num_req -1 0
Num_req -1 0
Num_req -1 0
Num_req -1 0
Num_req -1 0
Num_req -1 0
Num_req -1 0
Num_req -1 0
Num_req -1 0
Num_req -1 0
Num_req -1 0
Num_req -1 0
Num_req -1 0
Num_req -1 0
Num_req -1 0
Num_req -1 0
Num_req -1 0
Num_req -1 0
Num_req -1 0
Num_req -1 0
Num_req -1 0
Num_req -1 0
Num_req -1 0
Num_req -1 0
Num_req -1 0
Num_req -1 0
Num_req -1 0
Num_req -1 0
Num_req -1 0
Num_req -1 0
Num_req -1 0
Num_req -1 0
Num_req -1 0
Num_req -1 0
Num_req -1 0
Num_req -1 0
Num_req -1 0
Num_req -1 0
Num_req -1 0
Num_req -1 0
Num_req -1 0
Num_req -1 0
Num_req -1 0
Num_req -1 0
Num_req -1 0
Num_req -1 0
Num_req -1 0
Num_req -1 0
Num_req -1 0
Num_req -1 0
Num_req -1 0
Num_req -1 0
Num_req -1 0
Num_req -1 0
Num_req -1 0
Num_req -1 0
Num_req -1 0
Num_req -1 0
Num_req -1 0
Num_req -1 0
Num_req -1 0
Num_req -1 0
Num_req -1 0
Num_req -1 0
Num_req -1 0
Num_req -1 0
Num_req -1 0
Num_req -1 0
Num_req -1 0
Num_req -1 0
Num_req -1 0
Num_req -1 0
Num_req -1 0
Num_req -1 0
Num_req -1 0
Num_req -1 0
Num_req -1 0
Num_req -1 0
Num_req -1 0
Num_req -1 0
Num_req -1 0
Num_req -1 0
Num_req -1 0
Num_req -1 0
Num_req -1 0
Num_req -1 0
Num_req -1 0
Num_req -1 0
Num_req -1 0
Num_req -1 0
Num_req -1 0
Num_req -1 0
Num_req -1 0
Num_req -1 0
Num_req -1 0
Num_req -1 0
Num_req -1 0
Num_req -1 0
Num_req -1 0
Num_req -1 0
Num_req -1 0
Num_req -1 0
Num_req -1 0
Num_req -1 0
Num_req -1 0
Num_req -1 0
Num_req -1 0
Num_req -1 0
Num_req -1 0
Num_req -1 0
Num_req -1 0
Num_req -1 0
Num_req -1 0
Num_req -1 0
Num_req -1 0
Num_req -1 0
Num_req -1 0
Num_req -1 0
Num_req -1 0
Num_req -1 0
Num_req -1 0
Num_req -1 0
Num_req -1 0
Num_req -1 0
Num_req -1 0
Num_req -1 0
Num_req -1 0
Num_req -1 0
Num_req -1 0
Num_req -1 0
Num_req -1 0
Num_req -1 0
Num_req -1 0
Num_req -1 0
Num_req -1 0
Num_req -1 0
Num_req -1 0
Num_req -1 0
Num_req -1 0
Num_req -1 0
Num_req -1 0
Num_req -1 0
Num_req -1 0
Num_req -1 0
Num_req -1 0
Num_req -1 0
Num_req -1 0
Num_req -1 0
Num_req -1 0
Num_req -1 0
Num_req -1 0
Num_req -1 0
Num_req -1 0
Num_req -1 0
Num_req -1 0
Num_req -1 0
Num_req -1 0
Num_req -1 0
Num_req -1 0
Num_req -1 0
Num_req -1 0
Num_req -1 0
Num_req -1 0
Num_req -1 0
Num_req -1 0
Num_req -1 0
Num_req -1 0
Num_req -1 0
Num_req -1 0
Num_req -1 0
Num_req -1 0
Num_req -1 0
Num_req -1 0
Num_req -1 0
Num_req -1 0
Num_req -1 0
Num_req -1 0
Num_req -1 0
Num_req -1 0
Num_req -1 0
Num_req -1 0
Num_req -1 0
Num_req -1 0
Num_req -1 0
Num_req -1 0
Num_req -1 0
Num_req -1 0
Num_req -1 0
Num_req -1 0
Num_req -1 0
Num_req -1 0
Num_req -1 0
Num_req -1 0
Num_req -1 0
Num_req -1 0
Num_req -1 0
Num_req -1 0
Num_req -1 0
Num_req -1 0
Num_req -1 0
Num_req -1 0
Num_req -1 0
Num_req -1 0
Num_req -1 0
Num_req -1 0
Num_req -1 0
Num_req -1 0
Num_req -1 0
Num_req -1 0
Num_req -1 0
Num_req -1 0
Num_req -1 0
Num_req -1 0
Num_req -1 0
Num_req -1 0
Num_req -1 0
Num_req -1 0
Num_req -1 0
Num_req -1 0
Num_req -1 0
Num_req -1 0
Num_req -1 0
Num_req -1 0
Num_req -1 0
Num_req -1 0
Num_req -1 0
Num_req -1 0
Num_req -1 0
Num_req -1 0
Num_req -1 0
Num_req -1 0
Num_req -1 0
Num_req -1 0
Num_req -1 0
Num_req -1 0
Num_req -1 0
Num_req -1 0
Num_req -1 0
Num_req -1 0
Num_req -1 0
Num_req -1 0
Num_req -1 0
Num_req -1 0
Num_req -1 0
Num_req -1 0
Num_req -1 0
Num_req -1 0
Num_req -1 0
Num_req -1 0
Num_req -1 0
Num_req -1 0
Num_req -1 0
Num_req -1 0
Num_req -1 0
Num_req -1 0
Num_req -1 0
Num_req -1 0
Num_req -1 0
Num_req -1 0
Num_req -1 0
Num_req -1 0
Num_req -1 0
Num_req -1 0
Num_req -1 0
Num_req -1 0
Num_req -1 0
Num_req -1 0
Num_req -1 0
Num_req -1 0
Num_req -1 0
Num_req -1 0
Num_req -1 0
Num_req -1 0
Num_req -1 0
Num_req -1 0
Num_req -1 0
Num_req -1 0
Num_req -1 0
Num_req -1 0
Num_req -1 0
Num_req -1 0
Num_req -1 0
Num_req -1 0
Num_req -1 0
Num_req -1 0
Num_req -1 0
Num_req -1 0
Num_req -1 0
Num_req -1 0
Num_req -1 0
Num_req -1 0
Num_req -1 0
Num_req -1 0
Num_req -1 0
Num_req -1 0
Num_req -1 0
Num_req -1 0
Num_req -1 0
Num_req -1 0
Num_req -1 0
Num_req -1 0
Num_req -1 0
Num_req -1 0
Num_req -1 0
Num_req -1 0
Num_req -1 0
Num_req -1 0
Num_req -1 0
Num_req -1 0
Num_req -1 0
Num_req -1 0
Num_req -1 0
Num_req -1 0
Num_req -1 0
Num_req -1 0
Num_req -1 0
Num_req -1 0
Num_req -1 0
Num_req -1 0
Num_req -1 0
Num_req -1 0
Num_req -1 0
Num_req -1 0
Num_req -1 0
Num_req -1 0
Num_req -1 0
Num_req -1 0
Num_req -1 0
Num_req -1 0
Num_req -1 0
Num_req -1 0
Num_req -1 0
Num_req -1 0
Num_req -1 0
Num_req -1 0
Num_req -1 0
Num_req -1 0
Num_req -1 0
Num_req -1 0
Num_req -1 0
Num_req -1 0
Num_req -1 0
Num_req -1 0
Num_req -1 0
Num_req -1 0
Num_req -1 0
Num_req -1 0
Num_req -1 0
Num_req -1 0
Num_req -1 0
Num_req -1 0
Num_req -1 0
Num_req -1 0
Num_req -1 0
Num_req -1 0
Num_req -1 0
Num_req -1 0
Num_req -1 0
Num_req -1 0
Num_req -1 0
Num_req -1 0
Num_req -1 0
Num_req -1 0
Num_req -1 0
Num_req -1 0
Num_req -1 0
Num_req -1 0
Num_req -1 0
Num_req -1 0
Num_req -1 0
Num_req -1 0
Num_req -1 0
Num_req -1 0
Num_req -1 0
Num_req -1 0
Num_req -1 0
Num_req -1 0
Num_req -1 0
Num_req -1 0
Num_req -1 0
Num_req -1 0
Num_req -1 0
Num_req -1 0
Num_req -1 0
Num_req -1 0
Num_req -1 0
Num_req -1 0
Num_req -1 0
Num_req -1 0
Num_req -1 0
Num_req -1 0
Num_req -1 0
Num_req -1 0
Num_req -1 0
Num_req -1 0
Num_req -1 0
Num_req -1 0
Num_req -1 0
Num_req -1 0
Num_req -1 0
Num_req -1 0
Num_req -1 0
Num_req -1 0
Num_req -1 0
Num_req -1 0
Num_req -1 0
Num_req -1 0
