Controller IP Address is:	10.12.6.17
Controller Port is:	501
Current RSU ID daisy_anthem
/nojournal/bin/ConfigInfo_Anthem.txt
Current timing plan is:	32651
Phase_Num 8Phase_Seq 1 2 3 4 5 6 7 8Gmin	4	15	4	8	4	15	4	8Yellow	3	3.6	3	4	3	3.6	3	4Red	1	3.1	1	4.3	1	3.1	1	4.3Gmax	16	49	29	26	34	31	17	38PedWalk	0	7	0	7	0	7	0	7PedClr	0	39	0	40	0	39	0	40 Cannot connect to RSU!!!!!  At time: 1591743867.46 
 Cannot connect to RSU!!!!!  At time: 1591743873.87 
 Cannot connect to RSU!!!!!  At time: 1591743880.28 
 Cannot connect to RSU!!!!!  At time: 1591743886.69 
 Cannot connect to RSU!!!!!  At time: 1591743893.10 
 Cannot connect to RSU!!!!!  At time: 1591743899.50 
 Cannot connect to RSU!!!!!  At time: 1591743905.91 
 Cannot connect to RSU!!!!!  At time: 1591743912.32 
 Cannot connect to RSU!!!!!  At time: 1591743918.73 
 Cannot connect to RSU!!!!!  At time: 1591743925.14 
 Cannot connect to RSU!!!!!  At time: 1591743931.55 
 Cannot connect to RSU!!!!!  At time: 1591743937.95 
 Cannot connect to RSU!!!!!  At time: 1591743944.36 
 Cannot connect to RSU!!!!!  At time: 1591743950.77 
 Cannot connect to RSU!!!!!  At time: 1591743957.18 
 Cannot connect to RSU!!!!!  At time: 1591743963.58 
 Cannot connect to RSU!!!!!  At time: 1591743969.99 
 Cannot connect to RSU!!!!!  At time: 1591743976.40 
 Cannot connect to RSU!!!!!  At time: 1591743982.81 
 Cannot connect to RSU!!!!!  At time: 1591743989.22 
 Cannot connect to RSU!!!!!  At time: 1591743995.62 
 Cannot connect to RSU!!!!!  At time: 1591744002.03 
 Cannot connect to RSU!!!!!  At time: 1591744008.44 
 Cannot connect to RSU!!!!!  At time: 1591744014.85 
 Cannot connect to RSU!!!!!  At time: 1591744021.25 
 Cannot connect to RSU!!!!!  At time: 1591744027.66 
 Cannot connect to RSU!!!!!  At time: 1591744034.07 
 Cannot connect to RSU!!!!!  At time: 1591744040.48 
 Cannot connect to RSU!!!!!  At time: 1591744046.89 
 Cannot connect to RSU!!!!!  At time: 1591744053.29 
 Cannot connect to RSU!!!!!  At time: 1591744059.70 
 Cannot connect to RSU!!!!!  At time: 1591744066.11 
 Cannot connect to RSU!!!!!  At time: 1591744072.52 
 Cannot connect to RSU!!!!!  At time: 1591744078.93 
 Cannot connect to RSU!!!!!  At time: 1591744085.33 
 Cannot connect to RSU!!!!!  At time: 1591744091.74 
 Cannot connect to RSU!!!!!  At time: 1591744098.15 
 Cannot connect to RSU!!!!!  At time: 1591744104.56 
 Cannot connect to RSU!!!!!  At time: 1591744110.96 
 Cannot connect to RSU!!!!!  At time: 1591744117.37 
 Cannot connect to RSU!!!!!  At time: 1591744123.78 
 Cannot connect to RSU!!!!!  At time: 1591744130.19 
 Cannot connect to RSU!!!!!  At time: 1591744136.60 
 Cannot connect to RSU!!!!!  At time: 1591744143.00 
 Cannot connect to RSU!!!!!  At time: 1591744149.41 
 Cannot connect to RSU!!!!!  At time: 1591744155.82 
 Cannot connect to RSU!!!!!  At time: 1591744162.23 
 Cannot connect to RSU!!!!!  At time: 1591744168.64 
 Cannot connect to RSU!!!!!  At time: 1591744175.04 
 Cannot connect to RSU!!!!!  At time: 1591744181.45 
 Cannot connect to RSU!!!!!  At time: 1591744187.86 
 Cannot connect to RSU!!!!!  At time: 1591744194.26 
 Cannot connect to RSU!!!!!  At time: 1591744200.67 
 Cannot connect to RSU!!!!!  At time: 1591744207.08 
 Cannot connect to RSU!!!!!  At time: 1591744213.49 
 Cannot connect to RSU!!!!!  At time: 1591744219.90 
 Cannot connect to RSU!!!!!  At time: 1591744226.30 
 Cannot connect to RSU!!!!!  At time: 1591744232.71 
 Cannot connect to RSU!!!!!  At time: 1591744239.12 
 Cannot connect to RSU!!!!!  At time: 1591744245.53 
 Cannot connect to RSU!!!!!  At time: 1591744251.94 
 Cannot connect to RSU!!!!!  At time: 1591744258.35 
 Cannot connect to RSU!!!!!  At time: 1591744264.75 
 Cannot connect to RSU!!!!!  At time: 1591744271.16 
 Cannot connect to RSU!!!!!  At time: 1591744277.57 
 Cannot connect to RSU!!!!!  At time: 1591744283.98 
 Cannot connect to RSU!!!!!  At time: 1591744290.39 
 Cannot connect to RSU!!!!!  At time: 1591744296.79 
 Cannot connect to RSU!!!!!  At time: 1591744303.20 
 Cannot connect to RSU!!!!!  At time: 1591744309.61 
 Cannot connect to RSU!!!!!  At time: 1591744316.02 
 Cannot connect to RSU!!!!!  At time: 1591744322.43 
 Cannot connect to RSU!!!!!  At time: 1591744328.84 
 Cannot connect to RSU!!!!!  At time: 1591744335.24 
 Cannot connect to RSU!!!!!  At time: 1591744341.65 
 Cannot connect to RSU!!!!!  At time: 1591744348.06 
 Cannot connect to RSU!!!!!  At time: 1591744354.47 
 Cannot connect to RSU!!!!!  At time: 1591744360.87 
 Cannot connect to RSU!!!!!  At time: 1591744367.28 
 Cannot connect to RSU!!!!!  At time: 1591744373.69 
 Cannot connect to RSU!!!!!  At time: 1591744380.10 
 Cannot connect to RSU!!!!!  At time: 1591744386.51 
 Cannot connect to RSU!!!!!  At time: 1591744392.92 
 Cannot connect to RSU!!!!!  At time: 1591744399.32 
 Cannot connect to RSU!!!!!  At time: 1591744405.73 
 Cannot connect to RSU!!!!!  At time: 1591744412.14 
 Cannot connect to RSU!!!!!  At time: 1591744418.55 
 Cannot connect to RSU!!!!!  At time: 1591744424.96 
 Cannot connect to RSU!!!!!  At time: 1591744431.36 
 Cannot connect to RSU!!!!!  At time: 1591744437.77 
 Cannot connect to RSU!!!!!  At time: 1591744444.18 
 Cannot connect to RSU!!!!!  At time: 1591744450.59 
 Cannot connect to RSU!!!!!  At time: 1591744457.00 
 Cannot connect to RSU!!!!!  At time: 1591744463.40 
 Cannot connect to RSU!!!!!  At time: 1591744469.81 
 Cannot connect to RSU!!!!!  At time: 1591744476.22 
 Cannot connect to RSU!!!!!  At time: 1591744482.63 
 Cannot connect to RSU!!!!!  At time: 1591744489.04 
 Cannot connect to RSU!!!!!  At time: 1591744495.45 
 Cannot connect to RSU!!!!!  At time: 1591744501.85 
 Cannot connect to RSU!!!!!  At time: 1591744508.26 
 Cannot connect to RSU!!!!!  At time: 1591744514.67 
 Cannot connect to RSU!!!!!  At time: 1591744521.08 
 Cannot connect to RSU!!!!!  At time: 1591744527.49 
 Cannot connect to RSU!!!!!  At time: 1591744533.90 
 Cannot connect to RSU!!!!!  At time: 1591744540.31 
 Cannot connect to RSU!!!!!  At time: 1591744546.72 
 Cannot connect to RSU!!!!!  At time: 1591744553.13 
 Cannot connect to RSU!!!!!  At time: 1591744559.53 
