Controller IP Address is:	10.12.6.17
Controller Port is:	501
Current RSU ID daisy_anthem
/nojournal/bin/ConfigInfo_Anthem.txt
Current timing plan is:	32621
Phase_Num 8Phase_Seq 1 2 3 4 5 6 7 8Gmin	4	15	4	8	4	15	4	8Yellow	3	3.6	3	4	3	3.6	3	4Red	1	3.1	1	4.3	1	3.1	1	4.3Gmax	16	49	29	26	34	31	17	38PedWalk	0	7	0	7	0	7	0	7PedClr	0	39	0	40	0	39	0	40 Cannot connect to RSU!!!!!  At time: 1591744741.70 
 Cannot connect to RSU!!!!!  At time: 1591744748.11 
 Cannot connect to RSU!!!!!  At time: 1591744754.52 
 Cannot connect to RSU!!!!!  At time: 1591744760.93 
 Cannot connect to RSU!!!!!  At time: 1591744767.33 
 Cannot connect to RSU!!!!!  At time: 1591744773.74 
 Cannot connect to RSU!!!!!  At time: 1591744780.15 
 Cannot connect to RSU!!!!!  At time: 1591744786.56 
 Cannot connect to RSU!!!!!  At time: 1591744792.96 
 Cannot connect to RSU!!!!!  At time: 1591744799.37 
 Cannot connect to RSU!!!!!  At time: 1591744805.78 
 Cannot connect to RSU!!!!!  At time: 1591744812.19 
 Cannot connect to RSU!!!!!  At time: 1591744818.60 
 Cannot connect to RSU!!!!!  At time: 1591744825.01 
 Cannot connect to RSU!!!!!  At time: 1591744831.42 
 Cannot connect to RSU!!!!!  At time: 1591744837.82 
 Cannot connect to RSU!!!!!  At time: 1591744844.23 
 Cannot connect to RSU!!!!!  At time: 1591744850.64 
 Cannot connect to RSU!!!!!  At time: 1591744857.05 
 Cannot connect to RSU!!!!!  At time: 1591744863.46 
 Cannot connect to RSU!!!!!  At time: 1591744869.87 
 Cannot connect to RSU!!!!!  At time: 1591744876.28 
 Cannot connect to RSU!!!!!  At time: 1591744882.69 
 Cannot connect to RSU!!!!!  At time: 1591744889.10 
 Cannot connect to RSU!!!!!  At time: 1591744895.51 
 Cannot connect to RSU!!!!!  At time: 1591744901.92 
 Cannot connect to RSU!!!!!  At time: 1591744908.32 
 Cannot connect to RSU!!!!!  At time: 1591744914.73 
 Cannot connect to RSU!!!!!  At time: 1591744921.14 
 Cannot connect to RSU!!!!!  At time: 1591744927.55 
 Cannot connect to RSU!!!!!  At time: 1591744933.96 
 Cannot connect to RSU!!!!!  At time: 1591744940.37 
 Cannot connect to RSU!!!!!  At time: 1591744946.78 
 Cannot connect to RSU!!!!!  At time: 1591744953.19 
 Cannot connect to RSU!!!!!  At time: 1591744959.59 
 Cannot connect to RSU!!!!!  At time: 1591744966.00 
 Cannot connect to RSU!!!!!  At time: 1591744972.41 
 Cannot connect to RSU!!!!!  At time: 1591744978.82 
 Cannot connect to RSU!!!!!  At time: 1591744985.23 
 Cannot connect to RSU!!!!!  At time: 1591744991.64 
 Cannot connect to RSU!!!!!  At time: 1591744998.04 
 Cannot connect to RSU!!!!!  At time: 1591745004.45 
 Cannot connect to RSU!!!!!  At time: 1591745010.86 
 Cannot connect to RSU!!!!!  At time: 1591745017.27 
 Cannot connect to RSU!!!!!  At time: 1591745023.68 
 Cannot connect to RSU!!!!!  At time: 1591745030.09 
 Cannot connect to RSU!!!!!  At time: 1591745036.50 
 Cannot connect to RSU!!!!!  At time: 1591745042.91 
 Cannot connect to RSU!!!!!  At time: 1591745049.32 
 Cannot connect to RSU!!!!!  At time: 1591745055.72 
 Cannot connect to RSU!!!!!  At time: 1591745062.13 
 Cannot connect to RSU!!!!!  At time: 1591745068.54 
 Cannot connect to RSU!!!!!  At time: 1591745074.95 
 Cannot connect to RSU!!!!!  At time: 1591745081.36 
 Cannot connect to RSU!!!!!  At time: 1591745087.77 
 Cannot connect to RSU!!!!!  At time: 1591745094.18 
 Cannot connect to RSU!!!!!  At time: 1591745100.59 
 Cannot connect to RSU!!!!!  At time: 1591745107.00 
 Cannot connect to RSU!!!!!  At time: 1591745113.41 
 Cannot connect to RSU!!!!!  At time: 1591745119.81 
 Cannot connect to RSU!!!!!  At time: 1591745126.22 
 Cannot connect to RSU!!!!!  At time: 1591745132.63 
 Cannot connect to RSU!!!!!  At time: 1591745139.04 
 Cannot connect to RSU!!!!!  At time: 1591745145.45 
 Cannot connect to RSU!!!!!  At time: 1591745151.86 
 Cannot connect to RSU!!!!!  At time: 1591745158.27 
 Cannot connect to RSU!!!!!  At time: 1591745164.68 
 Cannot connect to RSU!!!!!  At time: 1591745171.09 
 Cannot connect to RSU!!!!!  At time: 1591745177.50 
 Cannot connect to RSU!!!!!  At time: 1591745183.90 
 Cannot connect to RSU!!!!!  At time: 1591745190.31 
 Cannot connect to RSU!!!!!  At time: 1591745196.72 
 Cannot connect to RSU!!!!!  At time: 1591745203.13 
 Cannot connect to RSU!!!!!  At time: 1591745209.54 
 Cannot connect to RSU!!!!!  At time: 1591745215.95 
 Cannot connect to RSU!!!!!  At time: 1591745222.36 
 Cannot connect to RSU!!!!!  At time: 1591745228.77 
 Cannot connect to RSU!!!!!  At time: 1591745235.17 
 Cannot connect to RSU!!!!!  At time: 1591745241.58 
 Cannot connect to RSU!!!!!  At time: 1591745247.99 
 Cannot connect to RSU!!!!!  At time: 1591745254.40 
 Cannot connect to RSU!!!!!  At time: 1591745260.81 
 Cannot connect to RSU!!!!!  At time: 1591745267.22 
 Cannot connect to RSU!!!!!  At time: 1591745273.63 
 Cannot connect to RSU!!!!!  At time: 1591745280.04 
 Cannot connect to RSU!!!!!  At time: 1591745286.45 
 Cannot connect to RSU!!!!!  At time: 1591745292.86 
 Cannot connect to RSU!!!!!  At time: 1591745299.27 
 Cannot connect to RSU!!!!!  At time: 1591745305.68 
 Cannot connect to RSU!!!!!  At time: 1591745312.08 
 Cannot connect to RSU!!!!!  At time: 1591745318.49 
 Cannot connect to RSU!!!!!  At time: 1591745324.90 
 Cannot connect to RSU!!!!!  At time: 1591745331.31 
 Cannot connect to RSU!!!!!  At time: 1591745337.72 
 Cannot connect to RSU!!!!!  At time: 1591745344.13 
 Cannot connect to RSU!!!!!  At time: 1591745350.54 
 Cannot connect to RSU!!!!!  At time: 1591745356.95 
 Cannot connect to RSU!!!!!  At time: 1591745363.36 
 Cannot connect to RSU!!!!!  At time: 1591745369.76 
 Cannot connect to RSU!!!!!  At time: 1591745376.17 
 Cannot connect to RSU!!!!!  At time: 1591745382.58 
 Cannot connect to RSU!!!!!  At time: 1591745388.99 
 Cannot connect to RSU!!!!!  At time: 1591745395.40 
 Cannot connect to RSU!!!!!  At time: 1591745401.81 
 Cannot connect to RSU!!!!!  At time: 1591745408.22 
 Cannot connect to RSU!!!!!  At time: 1591745414.63 
 Cannot connect to RSU!!!!!  At time: 1591745421.04 
 Cannot connect to RSU!!!!!  At time: 1591745427.45 
 Cannot connect to RSU!!!!!  At time: 1591745433.86 
 Cannot connect to RSU!!!!!  At time: 1591745440.26 
 Cannot connect to RSU!!!!!  At time: 1591745446.67 
 Cannot connect to RSU!!!!!  At time: 1591745453.08 
 Cannot connect to RSU!!!!!  At time: 1591745459.49 
 Cannot connect to RSU!!!!!  At time: 1591745465.90 
 Cannot connect to RSU!!!!!  At time: 1591745472.31 
 Cannot connect to RSU!!!!!  At time: 1591745478.72 
 Cannot connect to RSU!!!!!  At time: 1591745485.13 
 Cannot connect to RSU!!!!!  At time: 1591745491.53 
 Cannot connect to RSU!!!!!  At time: 1591745497.94 
 Cannot connect to RSU!!!!!  At time: 1591745504.35 
 Cannot connect to RSU!!!!!  At time: 1591745510.76 
 Cannot connect to RSU!!!!!  At time: 1591745517.17 
 Cannot connect to RSU!!!!!  At time: 1591745523.58 
 Cannot connect to RSU!!!!!  At time: 1591745529.99 
 Cannot connect to RSU!!!!!  At time: 1591745536.40 
 Cannot connect to RSU!!!!!  At time: 1591745542.80 
 Cannot connect to RSU!!!!!  At time: 1591745549.21 
 Cannot connect to RSU!!!!!  At time: 1591745555.62 
 Cannot connect to RSU!!!!!  At time: 1591745562.03 
 Cannot connect to RSU!!!!!  At time: 1591745568.44 
 Cannot connect to RSU!!!!!  At time: 1591745574.85 
 Cannot connect to RSU!!!!!  At time: 1591745581.26 
 Cannot connect to RSU!!!!!  At time: 1591745587.67 
 Cannot connect to RSU!!!!!  At time: 1591745594.08 
 Cannot connect to RSU!!!!!  At time: 1591745600.49 
 Cannot connect to RSU!!!!!  At time: 1591745606.90 
 Cannot connect to RSU!!!!!  At time: 1591745613.30 
 Cannot connect to RSU!!!!!  At time: 1591745619.71 
 Cannot connect to RSU!!!!!  At time: 1591745626.12 
 Cannot connect to RSU!!!!!  At time: 1591745632.53 
 Cannot connect to RSU!!!!!  At time: 1591745638.94 
 Cannot connect to RSU!!!!!  At time: 1591745645.35 
 Cannot connect to RSU!!!!!  At time: 1591745651.76 
 Cannot connect to RSU!!!!!  At time: 1591745658.17 
 Cannot connect to RSU!!!!!  At time: 1591745664.58 
 Cannot connect to RSU!!!!!  At time: 1591745670.99 
 Cannot connect to RSU!!!!!  At time: 1591745677.40 
 Cannot connect to RSU!!!!!  At time: 1591745683.80 
 Cannot connect to RSU!!!!!  At time: 1591745690.21 
 Cannot connect to RSU!!!!!  At time: 1591745696.62 
 Cannot connect to RSU!!!!!  At time: 1591745703.03 
 Cannot connect to RSU!!!!!  At time: 1591745709.44 
 Cannot connect to RSU!!!!!  At time: 1591745715.85 
 Cannot connect to RSU!!!!!  At time: 1591745722.26 
 Cannot connect to RSU!!!!!  At time: 1591745728.66 
 Cannot connect to RSU!!!!!  At time: 1591745735.07 
 Cannot connect to RSU!!!!!  At time: 1591745741.48 
 Cannot connect to RSU!!!!!  At time: 1591745747.89 
 Cannot connect to RSU!!!!!  At time: 1591745754.30 
 Cannot connect to RSU!!!!!  At time: 1591745760.71 
 Cannot connect to RSU!!!!!  At time: 1591745767.12 
 Cannot connect to RSU!!!!!  At time: 1591745773.53 
 Cannot connect to RSU!!!!!  At time: 1591745779.94 
 Cannot connect to RSU!!!!!  At time: 1591745786.35 
 Cannot connect to RSU!!!!!  At time: 1591745792.76 
 Cannot connect to RSU!!!!!  At time: 1591745799.17 
 Cannot connect to RSU!!!!!  At time: 1591745805.58 
 Cannot connect to RSU!!!!!  At time: 1591745811.98 
 Cannot connect to RSU!!!!!  At time: 1591745818.39 
 Cannot connect to RSU!!!!!  At time: 1591745824.80 
 Cannot connect to RSU!!!!!  At time: 1591745831.21 
 Cannot connect to RSU!!!!!  At time: 1591745837.62 
 Cannot connect to RSU!!!!!  At time: 1591745844.03 
 Cannot connect to RSU!!!!!  At time: 1591745850.44 
 Cannot connect to RSU!!!!!  At time: 1591745856.85 
 Cannot connect to RSU!!!!!  At time: 1591745863.26 
 Cannot connect to RSU!!!!!  At time: 1591745869.67 
 Cannot connect to RSU!!!!!  At time: 1591745876.08 
 Cannot connect to RSU!!!!!  At time: 1591745882.49 
 Cannot connect to RSU!!!!!  At time: 1591745888.90 
 Cannot connect to RSU!!!!!  At time: 1591745895.31 
 Cannot connect to RSU!!!!!  At time: 1591745901.72 
 Cannot connect to RSU!!!!!  At time: 1591745908.13 
 Cannot connect to RSU!!!!!  At time: 1591745914.54 
 Cannot connect to RSU!!!!!  At time: 1591745920.95 
 Cannot connect to RSU!!!!!  At time: 1591745927.36 
 Cannot connect to RSU!!!!!  At time: 1591745933.76 
 Cannot connect to RSU!!!!!  At time: 1591745940.17 
 Cannot connect to RSU!!!!!  At time: 1591745946.58 
 Cannot connect to RSU!!!!!  At time: 1591745952.99 
 Cannot connect to RSU!!!!!  At time: 1591745959.40 
 Cannot connect to RSU!!!!!  At time: 1591745965.81 
 Cannot connect to RSU!!!!!  At time: 1591745972.22 
 Cannot connect to RSU!!!!!  At time: 1591745978.63 
 Cannot connect to RSU!!!!!  At time: 1591745985.04 
 Cannot connect to RSU!!!!!  At time: 1591745991.45 
 Cannot connect to RSU!!!!!  At time: 1591745997.86 
 Cannot connect to RSU!!!!!  At time: 1591746004.27 
 Cannot connect to RSU!!!!!  At time: 1591746010.68 
 Cannot connect to RSU!!!!!  At time: 1591746017.09 
 Cannot connect to RSU!!!!!  At time: 1591746023.50 
 Cannot connect to RSU!!!!!  At time: 1591746029.90 
 Cannot connect to RSU!!!!!  At time: 1591746036.31 
 Cannot connect to RSU!!!!!  At time: 1591746042.72 
 Cannot connect to RSU!!!!!  At time: 1591746049.13 
 Cannot connect to RSU!!!!!  At time: 1591746055.54 
 Cannot connect to RSU!!!!!  At time: 1591746061.95 
 Cannot connect to RSU!!!!!  At time: 1591746068.36 
 Cannot connect to RSU!!!!!  At time: 1591746074.77 
 Cannot connect to RSU!!!!!  At time: 1591746081.18 
 Cannot connect to RSU!!!!!  At time: 1591746087.59 
 Cannot connect to RSU!!!!!  At time: 1591746093.99 
 Cannot connect to RSU!!!!!  At time: 1591746100.40 
 Cannot connect to RSU!!!!!  At time: 1591746106.81 
 Cannot connect to RSU!!!!!  At time: 1591746113.22 
 Cannot connect to RSU!!!!!  At time: 1591746119.63 
 Cannot connect to RSU!!!!!  At time: 1591746126.04 
 Cannot connect to RSU!!!!!  At time: 1591746132.45 
 Cannot connect to RSU!!!!!  At time: 1591746138.86 
 Cannot connect to RSU!!!!!  At time: 1591746145.27 
 Cannot connect to RSU!!!!!  At time: 1591746151.68 
 Cannot connect to RSU!!!!!  At time: 1591746158.08 
 Cannot connect to RSU!!!!!  At time: 1591746164.49 
 Cannot connect to RSU!!!!!  At time: 1591746170.90 
 Cannot connect to RSU!!!!!  At time: 1591746177.31 
 Cannot connect to RSU!!!!!  At time: 1591746183.72 
 Cannot connect to RSU!!!!!  At time: 1591746190.13 
 Cannot connect to RSU!!!!!  At time: 1591746196.54 
 Cannot connect to RSU!!!!!  At time: 1591746202.95 
 Cannot connect to RSU!!!!!  At time: 1591746209.36 
 Cannot connect to RSU!!!!!  At time: 1591746215.76 
 Cannot connect to RSU!!!!!  At time: 1591746222.17 
 Cannot connect to RSU!!!!!  At time: 1591746228.58 
 Cannot connect to RSU!!!!!  At time: 1591746234.99 
 Cannot connect to RSU!!!!!  At time: 1591746241.40 
 Cannot connect to RSU!!!!!  At time: 1591746247.81 
 Cannot connect to RSU!!!!!  At time: 1591746254.22 
 Cannot connect to RSU!!!!!  At time: 1591746260.63 
 Cannot connect to RSU!!!!!  At time: 1591746267.04 
 Cannot connect to RSU!!!!!  At time: 1591746273.45 
 Cannot connect to RSU!!!!!  At time: 1591746279.86 
 Cannot connect to RSU!!!!!  At time: 1591746286.26 
 Cannot connect to RSU!!!!!  At time: 1591746292.67 
 Cannot connect to RSU!!!!!  At time: 1591746299.08 
 Cannot connect to RSU!!!!!  At time: 1591746305.49 
 Cannot connect to RSU!!!!!  At time: 1591746311.90 
 Cannot connect to RSU!!!!!  At time: 1591746318.31 
 Cannot connect to RSU!!!!!  At time: 1591746324.72 
 Cannot connect to RSU!!!!!  At time: 1591746331.13 
 Cannot connect to RSU!!!!!  At time: 1591746337.53 
 Cannot connect to RSU!!!!!  At time: 1591746343.94 
 Cannot connect to RSU!!!!!  At time: 1591746350.35 
 Cannot connect to RSU!!!!!  At time: 1591746356.76 
 Cannot connect to RSU!!!!!  At time: 1591746363.17 
 Cannot connect to RSU!!!!!  At time: 1591746369.58 
 Cannot connect to RSU!!!!!  At time: 1591746375.99 
 Cannot connect to RSU!!!!!  At time: 1591746382.40 
 Cannot connect to RSU!!!!!  At time: 1591746388.80 
 Cannot connect to RSU!!!!!  At time: 1591746395.21 
 Cannot connect to RSU!!!!!  At time: 1591746401.62 
 Cannot connect to RSU!!!!!  At time: 1591746408.03 
 Cannot connect to RSU!!!!!  At time: 1591746414.44 
 Cannot connect to RSU!!!!!  At time: 1591746420.85 
 Cannot connect to RSU!!!!!  At time: 1591746427.26 
 Cannot connect to RSU!!!!!  At time: 1591746433.67 
 Cannot connect to RSU!!!!!  At time: 1591746440.08 
 Cannot connect to RSU!!!!!  At time: 1591746446.48 
 Cannot connect to RSU!!!!!  At time: 1591746452.89 
 Cannot connect to RSU!!!!!  At time: 1591746459.30 
 Cannot connect to RSU!!!!!  At time: 1591746465.71 
 Cannot connect to RSU!!!!!  At time: 1591746472.12 
 Cannot connect to RSU!!!!!  At time: 1591746478.53 
 Cannot connect to RSU!!!!!  At time: 1591746484.94 
 Cannot connect to RSU!!!!!  At time: 1591746491.35 
 Cannot connect to RSU!!!!!  At time: 1591746497.76 
 Cannot connect to RSU!!!!!  At time: 1591746504.17 
 Cannot connect to RSU!!!!!  At time: 1591746510.58 
 Cannot connect to RSU!!!!!  At time: 1591746516.98 
 Cannot connect to RSU!!!!!  At time: 1591746523.39 
 Cannot connect to RSU!!!!!  At time: 1591746529.80 
 Cannot connect to RSU!!!!!  At time: 1591746536.21 
 Cannot connect to RSU!!!!!  At time: 1591746542.62 
 Cannot connect to RSU!!!!!  At time: 1591746549.03 
 Cannot connect to RSU!!!!!  At time: 1591746555.44 
 Cannot connect to RSU!!!!!  At time: 1591746561.85 
 Cannot connect to RSU!!!!!  At time: 1591746568.26 
 Cannot connect to RSU!!!!!  At time: 1591746574.67 
 Cannot connect to RSU!!!!!  At time: 1591746581.08 
 Cannot connect to RSU!!!!!  At time: 1591746587.49 
 Cannot connect to RSU!!!!!  At time: 1591746593.90 
 Cannot connect to RSU!!!!!  At time: 1591746600.31 
 Cannot connect to RSU!!!!!  At time: 1591746606.72 
 Cannot connect to RSU!!!!!  At time: 1591746613.13 
 Cannot connect to RSU!!!!!  At time: 1591746619.53 
 Cannot connect to RSU!!!!!  At time: 1591746625.94 
 Cannot connect to RSU!!!!!  At time: 1591746632.35 
 Cannot connect to RSU!!!!!  At time: 1591746638.76 
 Cannot connect to RSU!!!!!  At time: 1591746645.17 
 Cannot connect to RSU!!!!!  At time: 1591746651.58 
 Cannot connect to RSU!!!!!  At time: 1591746657.99 
 Cannot connect to RSU!!!!!  At time: 1591746664.39 
 Cannot connect to RSU!!!!!  At time: 1591746670.80 
 Cannot connect to RSU!!!!!  At time: 1591746677.21 
 Cannot connect to RSU!!!!!  At time: 1591746683.62 
 Cannot connect to RSU!!!!!  At time: 1591746690.03 
 Cannot connect to RSU!!!!!  At time: 1591746696.44 
 Cannot connect to RSU!!!!!  At time: 1591746702.85 
 Cannot connect to RSU!!!!!  At time: 1591746709.26 
 Cannot connect to RSU!!!!!  At time: 1591746715.67 
 Cannot connect to RSU!!!!!  At time: 1591746722.08 
 Cannot connect to RSU!!!!!  At time: 1591746728.48 
 Cannot connect to RSU!!!!!  At time: 1591746734.89 
 Cannot connect to RSU!!!!!  At time: 1591746741.30 
 Cannot connect to RSU!!!!!  At time: 1591746747.71 
 Cannot connect to RSU!!!!!  At time: 1591746754.12 
 Cannot connect to RSU!!!!!  At time: 1591746760.53 
 Cannot connect to RSU!!!!!  At time: 1591746766.94 
 Cannot connect to RSU!!!!!  At time: 1591746773.35 
 Cannot connect to RSU!!!!!  At time: 1591746779.76 
 Cannot connect to RSU!!!!!  At time: 1591746786.17 
 Cannot connect to RSU!!!!!  At time: 1591746792.57 
 Cannot connect to RSU!!!!!  At time: 1591746798.98 
 Cannot connect to RSU!!!!!  At time: 1591746805.39 
 Cannot connect to RSU!!!!!  At time: 1591746811.80 
 Cannot connect to RSU!!!!!  At time: 1591746818.21 
 Cannot connect to RSU!!!!!  At time: 1591746824.62 
 Cannot connect to RSU!!!!!  At time: 1591746831.03 
 Cannot connect to RSU!!!!!  At time: 1591746837.44 
 Cannot connect to RSU!!!!!  At time: 1591746843.84 
 Cannot connect to RSU!!!!!  At time: 1591746850.25 
 Cannot connect to RSU!!!!!  At time: 1591746856.66 
 Cannot connect to RSU!!!!!  At time: 1591746863.07 
 Cannot connect to RSU!!!!!  At time: 1591746869.48 
 Cannot connect to RSU!!!!!  At time: 1591746875.89 
 Cannot connect to RSU!!!!!  At time: 1591746882.30 
 Cannot connect to RSU!!!!!  At time: 1591746888.71 
 Cannot connect to RSU!!!!!  At time: 1591746895.12 
 Cannot connect to RSU!!!!!  At time: 1591746901.52 
 Cannot connect to RSU!!!!!  At time: 1591746907.93 
 Cannot connect to RSU!!!!!  At time: 1591746914.34 
 Cannot connect to RSU!!!!!  At time: 1591746920.75 
 Cannot connect to RSU!!!!!  At time: 1591746927.16 
 Cannot connect to RSU!!!!!  At time: 1591746933.57 
 Cannot connect to RSU!!!!!  At time: 1591746939.98 
 Cannot connect to RSU!!!!!  At time: 1591746946.39 
 Cannot connect to RSU!!!!!  At time: 1591746952.80 
 Cannot connect to RSU!!!!!  At time: 1591746959.21 
 Cannot connect to RSU!!!!!  At time: 1591746965.61 
 Cannot connect to RSU!!!!!  At time: 1591746972.02 
 Cannot connect to RSU!!!!!  At time: 1591746978.43 
 Cannot connect to RSU!!!!!  At time: 1591746984.84 
 Cannot connect to RSU!!!!!  At time: 1591746991.25 
 Cannot connect to RSU!!!!!  At time: 1591746997.66 
 Cannot connect to RSU!!!!!  At time: 1591747004.07 
 Cannot connect to RSU!!!!!  At time: 1591747010.48 
 Cannot connect to RSU!!!!!  At time: 1591747016.89 
 Cannot connect to RSU!!!!!  At time: 1591747023.29 
 Cannot connect to RSU!!!!!  At time: 1591747029.70 
 Cannot connect to RSU!!!!!  At time: 1591747036.11 
 Cannot connect to RSU!!!!!  At time: 1591747042.52 
 Cannot connect to RSU!!!!!  At time: 1591747048.93 
 Cannot connect to RSU!!!!!  At time: 1591747055.34 
 Cannot connect to RSU!!!!!  At time: 1591747061.75 
 Cannot connect to RSU!!!!!  At time: 1591747068.16 
 Cannot connect to RSU!!!!!  At time: 1591747074.57 
 Cannot connect to RSU!!!!!  At time: 1591747080.98 
 Cannot connect to RSU!!!!!  At time: 1591747087.39 
 Cannot connect to RSU!!!!!  At time: 1591747093.79 
 Cannot connect to RSU!!!!!  At time: 1591747100.20 
 Cannot connect to RSU!!!!!  At time: 1591747106.61 
 Cannot connect to RSU!!!!!  At time: 1591747113.02 
 Cannot connect to RSU!!!!!  At time: 1591747119.43 
 Cannot connect to RSU!!!!!  At time: 1591747125.84 
 Cannot connect to RSU!!!!!  At time: 1591747132.25 
 Cannot connect to RSU!!!!!  At time: 1591747138.66 
 Cannot connect to RSU!!!!!  At time: 1591747145.07 
 Cannot connect to RSU!!!!!  At time: 1591747151.48 
 Cannot connect to RSU!!!!!  At time: 1591747157.89 
 Cannot connect to RSU!!!!!  At time: 1591747164.29 
 Cannot connect to RSU!!!!!  At time: 1591747170.70 
 Cannot connect to RSU!!!!!  At time: 1591747177.11 
 Cannot connect to RSU!!!!!  At time: 1591747183.52 
 Cannot connect to RSU!!!!!  At time: 1591747189.93 
 Cannot connect to RSU!!!!!  At time: 1591747196.34 
 Cannot connect to RSU!!!!!  At time: 1591747202.75 
 Cannot connect to RSU!!!!!  At time: 1591747209.16 
 Cannot connect to RSU!!!!!  At time: 1591747215.57 
 Cannot connect to RSU!!!!!  At time: 1591747221.98 
 Cannot connect to RSU!!!!!  At time: 1591747228.39 
 Cannot connect to RSU!!!!!  At time: 1591747234.79 
 Cannot connect to RSU!!!!!  At time: 1591747241.20 
 Cannot connect to RSU!!!!!  At time: 1591747247.61 
 Cannot connect to RSU!!!!!  At time: 1591747254.02 
 Cannot connect to RSU!!!!!  At time: 1591747260.43 
 Cannot connect to RSU!!!!!  At time: 1591747266.84 
 Cannot connect to RSU!!!!!  At time: 1591747273.25 
 Cannot connect to RSU!!!!!  At time: 1591747279.66 
 Cannot connect to RSU!!!!!  At time: 1591747286.07 
 Cannot connect to RSU!!!!!  At time: 1591747292.48 
 Cannot connect to RSU!!!!!  At time: 1591747298.88 
 Cannot connect to RSU!!!!!  At time: 1591747305.29 
 Cannot connect to RSU!!!!!  At time: 1591747311.70 
 Cannot connect to RSU!!!!!  At time: 1591747318.11 
 Cannot connect to RSU!!!!!  At time: 1591747324.52 
 Cannot connect to RSU!!!!!  At time: 1591747330.93 
 Cannot connect to RSU!!!!!  At time: 1591747337.34 
 Cannot connect to RSU!!!!!  At time: 1591747343.75 
 Cannot connect to RSU!!!!!  At time: 1591747350.16 
 Cannot connect to RSU!!!!!  At time: 1591747356.57 
 Cannot connect to RSU!!!!!  At time: 1591747362.98 
 Cannot connect to RSU!!!!!  At time: 1591747369.39 
 Cannot connect to RSU!!!!!  At time: 1591747375.80 
 Cannot connect to RSU!!!!!  At time: 1591747382.20 
 Cannot connect to RSU!!!!!  At time: 1591747388.61 
 Cannot connect to RSU!!!!!  At time: 1591747395.02 
 Cannot connect to RSU!!!!!  At time: 1591747401.43 
 Cannot connect to RSU!!!!!  At time: 1591747407.84 
 Cannot connect to RSU!!!!!  At time: 1591747414.25 
 Cannot connect to RSU!!!!!  At time: 1591747420.66 
 Cannot connect to RSU!!!!!  At time: 1591747427.07 
 Cannot connect to RSU!!!!!  At time: 1591747433.48 
 Cannot connect to RSU!!!!!  At time: 1591747439.89 
 Cannot connect to RSU!!!!!  At time: 1591747446.30 
 Cannot connect to RSU!!!!!  At time: 1591747452.70 
 Cannot connect to RSU!!!!!  At time: 1591747459.11 
 Cannot connect to RSU!!!!!  At time: 1591747465.52 
 Cannot connect to RSU!!!!!  At time: 1591747471.93 
 Cannot connect to RSU!!!!!  At time: 1591747478.34 
 Cannot connect to RSU!!!!!  At time: 1591747484.75 
 Cannot connect to RSU!!!!!  At time: 1591747491.16 
 Cannot connect to RSU!!!!!  At time: 1591747497.57 
 Cannot connect to RSU!!!!!  At time: 1591747503.97 
 Cannot connect to RSU!!!!!  At time: 1591747510.38 
 Cannot connect to RSU!!!!!  At time: 1591747516.79 
 Cannot connect to RSU!!!!!  At time: 1591747523.20 
 Cannot connect to RSU!!!!!  At time: 1591747529.61 
 Cannot connect to RSU!!!!!  At time: 1591747536.02 
 Cannot connect to RSU!!!!!  At time: 1591747542.43 
 Cannot connect to RSU!!!!!  At time: 1591747548.84 
 Cannot connect to RSU!!!!!  At time: 1591747555.25 
 Cannot connect to RSU!!!!!  At time: 1591747561.65 
 Cannot connect to RSU!!!!!  At time: 1591747568.06 
 Cannot connect to RSU!!!!!  At time: 1591747574.47 
 Cannot connect to RSU!!!!!  At time: 1591747580.88 
 Cannot connect to RSU!!!!!  At time: 1591747587.29 
 Cannot connect to RSU!!!!!  At time: 1591747593.70 
 Cannot connect to RSU!!!!!  At time: 1591747600.11 
 Cannot connect to RSU!!!!!  At time: 1591747606.52 
 Cannot connect to RSU!!!!!  At time: 1591747612.93 
 Cannot connect to RSU!!!!!  At time: 1591747619.33 
 Cannot connect to RSU!!!!!  At time: 1591747625.74 
 Cannot connect to RSU!!!!!  At time: 1591747632.15 
 Cannot connect to RSU!!!!!  At time: 1591747638.56 
 Cannot connect to RSU!!!!!  At time: 1591747644.97 
 Cannot connect to RSU!!!!!  At time: 1591747651.38 
 Cannot connect to RSU!!!!!  At time: 1591747657.79 
 Cannot connect to RSU!!!!!  At time: 1591747664.20 
 Cannot connect to RSU!!!!!  At time: 1591747670.61 
 Cannot connect to RSU!!!!!  At time: 1591747677.02 
 Cannot connect to RSU!!!!!  At time: 1591747683.42 
 Cannot connect to RSU!!!!!  At time: 1591747689.83 
 Cannot connect to RSU!!!!!  At time: 1591747696.24 
 Cannot connect to RSU!!!!!  At time: 1591747702.65 
 Cannot connect to RSU!!!!!  At time: 1591747709.06 
 Cannot connect to RSU!!!!!  At time: 1591747715.47 
 Cannot connect to RSU!!!!!  At time: 1591747721.88 
 Cannot connect to RSU!!!!!  At time: 1591747728.29 
 Cannot connect to RSU!!!!!  At time: 1591747734.70 
 Cannot connect to RSU!!!!!  At time: 1591747741.10 
 Cannot connect to RSU!!!!!  At time: 1591747747.51 
 Cannot connect to RSU!!!!!  At time: 1591747753.92 
 Cannot connect to RSU!!!!!  At time: 1591747760.33 
 Cannot connect to RSU!!!!!  At time: 1591747766.74 
 Cannot connect to RSU!!!!!  At time: 1591747773.15 
 Cannot connect to RSU!!!!!  At time: 1591747779.56 
 Cannot connect to RSU!!!!!  At time: 1591747785.96 
 Cannot connect to RSU!!!!!  At time: 1591747792.37 
 Cannot connect to RSU!!!!!  At time: 1591747798.78 
 Cannot connect to RSU!!!!!  At time: 1591747805.19 
 Cannot connect to RSU!!!!!  At time: 1591747811.60 
 Cannot connect to RSU!!!!!  At time: 1591747818.01 
 Cannot connect to RSU!!!!!  At time: 1591747824.42 
 Cannot connect to RSU!!!!!  At time: 1591747830.82 
 Cannot connect to RSU!!!!!  At time: 1591747837.23 
 Cannot connect to RSU!!!!!  At time: 1591747843.64 
 Cannot connect to RSU!!!!!  At time: 1591747850.05 
 Cannot connect to RSU!!!!!  At time: 1591747856.46 
 Cannot connect to RSU!!!!!  At time: 1591747862.86 
 Cannot connect to RSU!!!!!  At time: 1591747869.27 
 Cannot connect to RSU!!!!!  At time: 1591747875.68 
 Cannot connect to RSU!!!!!  At time: 1591747882.09 
 Cannot connect to RSU!!!!!  At time: 1591747888.50 
 Cannot connect to RSU!!!!!  At time: 1591747894.91 
 Cannot connect to RSU!!!!!  At time: 1591747901.32 
 Cannot connect to RSU!!!!!  At time: 1591747907.72 
 Cannot connect to RSU!!!!!  At time: 1591747914.13 
 Cannot connect to RSU!!!!!  At time: 1591747920.54 
 Cannot connect to RSU!!!!!  At time: 1591747926.95 
 Cannot connect to RSU!!!!!  At time: 1591747933.35 
 Cannot connect to RSU!!!!!  At time: 1591747939.76 
 Cannot connect to RSU!!!!!  At time: 1591747946.17 
 Cannot connect to RSU!!!!!  At time: 1591747952.58 
 Cannot connect to RSU!!!!!  At time: 1591747958.98 
 Cannot connect to RSU!!!!!  At time: 1591747965.39 
 Cannot connect to RSU!!!!!  At time: 1591747971.80 
 Cannot connect to RSU!!!!!  At time: 1591747978.21 
 Cannot connect to RSU!!!!!  At time: 1591747984.62 
 Cannot connect to RSU!!!!!  At time: 1591747991.03 
 Cannot connect to RSU!!!!!  At time: 1591747997.43 
 Cannot connect to RSU!!!!!  At time: 1591748003.84 
 Cannot connect to RSU!!!!!  At time: 1591748010.25 
 Cannot connect to RSU!!!!!  At time: 1591748016.66 
 Cannot connect to RSU!!!!!  At time: 1591748023.07 
 Cannot connect to RSU!!!!!  At time: 1591748029.48 
 Cannot connect to RSU!!!!!  At time: 1591748035.89 
 Cannot connect to RSU!!!!!  At time: 1591748042.29 
 Cannot connect to RSU!!!!!  At time: 1591748048.70 
 Cannot connect to RSU!!!!!  At time: 1591748055.11 
 Cannot connect to RSU!!!!!  At time: 1591748061.52 
 Cannot connect to RSU!!!!!  At time: 1591748067.93 
 Cannot connect to RSU!!!!!  At time: 1591748074.34 
 Cannot connect to RSU!!!!!  At time: 1591748080.75 
 Cannot connect to RSU!!!!!  At time: 1591748087.15 
 Cannot connect to RSU!!!!!  At time: 1591748093.56 
 Cannot connect to RSU!!!!!  At time: 1591748099.97 
 Cannot connect to RSU!!!!!  At time: 1591748106.38 
 Cannot connect to RSU!!!!!  At time: 1591748112.79 
 Cannot connect to RSU!!!!!  At time: 1591748119.19 
 Cannot connect to RSU!!!!!  At time: 1591748125.60 
 Cannot connect to RSU!!!!!  At time: 1591748132.01 
 Cannot connect to RSU!!!!!  At time: 1591748138.42 
 Cannot connect to RSU!!!!!  At time: 1591748144.82 
 Cannot connect to RSU!!!!!  At time: 1591748151.23 
 Cannot connect to RSU!!!!!  At time: 1591748157.64 
 Cannot connect to RSU!!!!!  At time: 1591748164.05 
 Cannot connect to RSU!!!!!  At time: 1591748170.46 
 Cannot connect to RSU!!!!!  At time: 1591748176.86 
 Cannot connect to RSU!!!!!  At time: 1591748183.27 
 Cannot connect to RSU!!!!!  At time: 1591748189.68 
 Cannot connect to RSU!!!!!  At time: 1591748196.09 
 Cannot connect to RSU!!!!!  At time: 1591748202.50 
 Cannot connect to RSU!!!!!  At time: 1591748208.90 
 Cannot connect to RSU!!!!!  At time: 1591748215.31 
 Cannot connect to RSU!!!!!  At time: 1591748221.72 
 Cannot connect to RSU!!!!!  At time: 1591748228.13 
 Cannot connect to RSU!!!!!  At time: 1591748234.54 
 Cannot connect to RSU!!!!!  At time: 1591748240.95 
 Cannot connect to RSU!!!!!  At time: 1591748247.35 
 Cannot connect to RSU!!!!!  At time: 1591748253.76 
 Cannot connect to RSU!!!!!  At time: 1591748260.17 
 Cannot connect to RSU!!!!!  At time: 1591748266.58 
 Cannot connect to RSU!!!!!  At time: 1591748272.98 
 Cannot connect to RSU!!!!!  At time: 1591748279.39 
 Cannot connect to RSU!!!!!  At time: 1591748285.80 
 Cannot connect to RSU!!!!!  At time: 1591748292.21 
 Cannot connect to RSU!!!!!  At time: 1591748298.62 
 Cannot connect to RSU!!!!!  At time: 1591748305.02 
 Cannot connect to RSU!!!!!  At time: 1591748311.43 
 Cannot connect to RSU!!!!!  At time: 1591748317.84 
 Cannot connect to RSU!!!!!  At time: 1591748324.25 
 Cannot connect to RSU!!!!!  At time: 1591748330.65 
 Cannot connect to RSU!!!!!  At time: 1591748337.06 
 Cannot connect to RSU!!!!!  At time: 1591748343.47 
 Cannot connect to RSU!!!!!  At time: 1591748349.88 
 Cannot connect to RSU!!!!!  At time: 1591748356.28 
 Cannot connect to RSU!!!!!  At time: 1591748362.69 
 Cannot connect to RSU!!!!!  At time: 1591748369.10 
 Cannot connect to RSU!!!!!  At time: 1591748375.51 
 Cannot connect to RSU!!!!!  At time: 1591748381.91 
 Cannot connect to RSU!!!!!  At time: 1591748388.32 
 Cannot connect to RSU!!!!!  At time: 1591748394.73 
 Cannot connect to RSU!!!!!  At time: 1591748401.14 
 Cannot connect to RSU!!!!!  At time: 1591748407.55 
 Cannot connect to RSU!!!!!  At time: 1591748413.96 
 Cannot connect to RSU!!!!!  At time: 1591748420.36 
 Cannot connect to RSU!!!!!  At time: 1591748426.77 
 Cannot connect to RSU!!!!!  At time: 1591748433.18 
 Cannot connect to RSU!!!!!  At time: 1591748439.59 
 Cannot connect to RSU!!!!!  At time: 1591748446.00 
 Cannot connect to RSU!!!!!  At time: 1591748452.41 
 Cannot connect to RSU!!!!!  At time: 1591748458.81 
 Cannot connect to RSU!!!!!  At time: 1591748465.22 
 Cannot connect to RSU!!!!!  At time: 1591748471.63 
 Cannot connect to RSU!!!!!  At time: 1591748478.04 
 Cannot connect to RSU!!!!!  At time: 1591748484.45 
 Cannot connect to RSU!!!!!  At time: 1591748490.85 
 Cannot connect to RSU!!!!!  At time: 1591748497.26 
 Cannot connect to RSU!!!!!  At time: 1591748503.67 
 Cannot connect to RSU!!!!!  At time: 1591748510.08 
 Cannot connect to RSU!!!!!  At time: 1591748516.49 
 Cannot connect to RSU!!!!!  At time: 1591748522.90 
 Cannot connect to RSU!!!!!  At time: 1591748529.31 
 Cannot connect to RSU!!!!!  At time: 1591748535.72 
 Cannot connect to RSU!!!!!  At time: 1591748542.13 
 Cannot connect to RSU!!!!!  At time: 1591748548.53 
 Cannot connect to RSU!!!!!  At time: 1591748554.94 
 Cannot connect to RSU!!!!!  At time: 1591748561.35 
 Cannot connect to RSU!!!!!  At time: 1591748567.76 
 Cannot connect to RSU!!!!!  At time: 1591748574.16 
 Cannot connect to RSU!!!!!  At time: 1591748580.57 
 Cannot connect to RSU!!!!!  At time: 1591748586.98 
 Cannot connect to RSU!!!!!  At time: 1591748593.39 
 Cannot connect to RSU!!!!!  At time: 1591748599.80 
 Cannot connect to RSU!!!!!  At time: 1591748606.21 
 Cannot connect to RSU!!!!!  At time: 1591748612.61 
 Cannot connect to RSU!!!!!  At time: 1591748619.02 
 Cannot connect to RSU!!!!!  At time: 1591748625.43 
 Cannot connect to RSU!!!!!  At time: 1591748631.84 
 Cannot connect to RSU!!!!!  At time: 1591748638.25 
 Cannot connect to RSU!!!!!  At time: 1591748644.66 
 Cannot connect to RSU!!!!!  At time: 1591748651.07 
 Cannot connect to RSU!!!!!  At time: 1591748657.47 
 Cannot connect to RSU!!!!!  At time: 1591748663.88 
 Cannot connect to RSU!!!!!  At time: 1591748670.29 
 Cannot connect to RSU!!!!!  At time: 1591748676.70 
 Cannot connect to RSU!!!!!  At time: 1591748683.11 
 Cannot connect to RSU!!!!!  At time: 1591748689.52 
 Cannot connect to RSU!!!!!  At time: 1591748695.93 
 Cannot connect to RSU!!!!!  At time: 1591748702.33 
 Cannot connect to RSU!!!!!  At time: 1591748708.74 
 Cannot connect to RSU!!!!!  At time: 1591748715.15 
 Cannot connect to RSU!!!!!  At time: 1591748721.56 
 Cannot connect to RSU!!!!!  At time: 1591748727.97 
 Cannot connect to RSU!!!!!  At time: 1591748734.38 
 Cannot connect to RSU!!!!!  At time: 1591748740.78 
 Cannot connect to RSU!!!!!  At time: 1591748747.19 
