#-----------------------------------------------------------------------------#
#    Dockerfile to build an arm platform image for field intersection         #
#    Image name: mmitssuarizona/mmitss-mrp-arm                                # 
#-----------------------------------------------------------------------------#
FROM mmitssuarizona/mmitss-arm-base:3.0
MAINTAINER D Cunningham (donaldcunningham@email.arizona.edu)

COPY build/bin/WirelessMsgDecoder/arm/M_WirelessMsgDecoder /mmitss
COPY build/bin/TrafficControllerInterface/arm/M_TrafficControllerInterface /mmitss
COPY build/bin/PriorityRequestSolver/arm/M_PriorityRequestSolver /mmitss
COPY build/bin/PriorityRequestServer/arm/M_PriorityRequestServer /mmitss
COPY build/bin/SnmpEngine/arm/M_SnmpEngine /mmitss
COPY build/bin/MsgEncoder/arm/M_MsgEncoder /mmitss
COPY build/bin/MapSpatBroadcaster/arm/M_MapSpatBroadcaster /mmitss
COPY build/bin/SystemInterface/arm/M_SystemInterface /mmitss
COPY build/bin/V2XDataCollector/arm/M_V2XDataCollector /mmitss
COPY build/bin/V2XDataTransfer/arm/M_V2XDataTransfer /mmitss
COPY build/bin/SignalCoordinationRequestGenerator/arm/M_SignalCoordinationRequestGenerator /mmitss
COPY build/bin/TrajectoryAware/arm/M_TrajectoryAware /mmitss
COPY build/bin/TimePhaseDiagramTool/arm/M_TimePhaseDiagramTool /mmitss

ENTRYPOINT ["/usr/bin/supervisord", "--configuration=/nojournal/bin/supervisord.conf"]
